CRITICAL - 2025-06-24 01:31:04 --> CodeIgniter\Exceptions\RuntimeException: View themes, no current section.
[Method: GET, Route: /]
in SYSTEMPATH\View\View.php on line 430.
 1 APPPATH\Views\dashboard.php(17): CodeIgniter\View\View->endSection()
 2 SYSTEMPATH\View\View.php(224): include('G:\\My Drive\\showroom\\app\\Views\\dashboard.php')
 3 SYSTEMPATH\View\View.php(227): CodeIgniter\View\View->CodeIgniter\View\{closure}()
 4 SYSTEMPATH\Common.php(1173): CodeIgniter\View\View->render('dashboard', [], true)
 5 APPPATH\Controllers\Home.php(10): view('dashboard')
 6 SYSTEMPATH\CodeIgniter.php(933): App\Controllers\Home->index()
 7 SYSTEMPATH\CodeIgniter.php(507): CodeIgniter\CodeIgniter->runController(Object(App\Controllers\Home))
 8 SYSTEMPATH\CodeIgniter.php(354): CodeIgniter\CodeIgniter->handleRequest(null, Object(Config\Cache), false)
 9 SYSTEMPATH\Boot.php(334): CodeIgniter\CodeIgniter->run()
10 SYSTEMPATH\Boot.php(67): CodeIgniter\Boot::runCodeIgniter(Object(CodeIgniter\CodeIgniter))
11 FCPATH\index.php(59): CodeIgniter\Boot::bootWeb(Object(Config\Paths))
CRITICAL - 2025-06-24 01:31:06 --> CodeIgniter\Exceptions\RuntimeException: View themes, no current section.
[Method: GET, Route: /]
in SYSTEMPATH\View\View.php on line 430.
 1 APPPATH\Views\dashboard.php(17): CodeIgniter\View\View->endSection()
 2 SYSTEMPATH\View\View.php(224): include('G:\\My Drive\\showroom\\app\\Views\\dashboard.php')
 3 SYSTEMPATH\View\View.php(227): CodeIgniter\View\View->CodeIgniter\View\{closure}()
 4 SYSTEMPATH\Common.php(1173): CodeIgniter\View\View->render('dashboard', [], true)
 5 APPPATH\Controllers\Home.php(10): view('dashboard')
 6 SYSTEMPATH\CodeIgniter.php(933): App\Controllers\Home->index()
 7 SYSTEMPATH\CodeIgniter.php(507): CodeIgniter\CodeIgniter->runController(Object(App\Controllers\Home))
 8 SYSTEMPATH\CodeIgniter.php(354): CodeIgniter\CodeIgniter->handleRequest(null, Object(Config\Cache), false)
 9 SYSTEMPATH\Boot.php(334): CodeIgniter\CodeIgniter->run()
10 SYSTEMPATH\Boot.php(67): CodeIgniter\Boot::runCodeIgniter(Object(CodeIgniter\CodeIgniter))
11 FCPATH\index.php(59): CodeIgniter\Boot::bootWeb(Object(Config\Paths))
CRITICAL - 2025-06-24 01:31:26 --> CodeIgniter\Exceptions\RuntimeException: View themes, no current section.
[Method: GET, Route: /]
in SYSTEMPATH\View\View.php on line 430.
 1 APPPATH\Views\dashboard.php(17): CodeIgniter\View\View->endSection()
 2 SYSTEMPATH\View\View.php(224): include('G:\\My Drive\\showroom\\app\\Views\\dashboard.php')
 3 SYSTEMPATH\View\View.php(227): CodeIgniter\View\View->CodeIgniter\View\{closure}()
 4 SYSTEMPATH\Common.php(1173): CodeIgniter\View\View->render('dashboard', [], true)
 5 APPPATH\Controllers\Home.php(10): view('dashboard')
 6 SYSTEMPATH\CodeIgniter.php(933): App\Controllers\Home->index()
 7 SYSTEMPATH\CodeIgniter.php(507): CodeIgniter\CodeIgniter->runController(Object(App\Controllers\Home))
 8 SYSTEMPATH\CodeIgniter.php(354): CodeIgniter\CodeIgniter->handleRequest(null, Object(Config\Cache), false)
 9 SYSTEMPATH\Boot.php(334): CodeIgniter\CodeIgniter->run()
10 SYSTEMPATH\Boot.php(67): CodeIgniter\Boot::runCodeIgniter(Object(CodeIgniter\CodeIgniter))
11 FCPATH\index.php(59): CodeIgniter\Boot::bootWeb(Object(Config\Paths))
CRITICAL - 2025-06-24 01:31:42 --> CodeIgniter\Exceptions\RuntimeException: View themes, no current section.
[Method: GET, Route: /]
in SYSTEMPATH\View\View.php on line 430.
 1 APPPATH\Views\dashboard.php(17): CodeIgniter\View\View->endSection()
 2 SYSTEMPATH\View\View.php(224): include('G:\\My Drive\\showroom\\app\\Views\\dashboard.php')
 3 SYSTEMPATH\View\View.php(227): CodeIgniter\View\View->CodeIgniter\View\{closure}()
 4 SYSTEMPATH\Common.php(1173): CodeIgniter\View\View->render('dashboard', [], true)
 5 APPPATH\Controllers\Home.php(9): view('dashboard')
 6 SYSTEMPATH\CodeIgniter.php(933): App\Controllers\Home->index()
 7 SYSTEMPATH\CodeIgniter.php(507): CodeIgniter\CodeIgniter->runController(Object(App\Controllers\Home))
 8 SYSTEMPATH\CodeIgniter.php(354): CodeIgniter\CodeIgniter->handleRequest(null, Object(Config\Cache), false)
 9 SYSTEMPATH\Boot.php(334): CodeIgniter\CodeIgniter->run()
10 SYSTEMPATH\Boot.php(67): CodeIgniter\Boot::runCodeIgniter(Object(CodeIgniter\CodeIgniter))
11 FCPATH\index.php(59): CodeIgniter\Boot::bootWeb(Object(Config\Paths))
CRITICAL - 2025-06-24 01:32:18 --> TypeError: App\Controllers\Home::index(): Return value must be of type string, none returned
[Method: GET, Route: /]
in APPPATH\Controllers\Home.php on line 12.
 1 SYSTEMPATH\CodeIgniter.php(933): App\Controllers\Home->index()
 2 SYSTEMPATH\CodeIgniter.php(507): CodeIgniter\CodeIgniter->runController(Object(App\Controllers\Home))
 3 SYSTEMPATH\CodeIgniter.php(354): CodeIgniter\CodeIgniter->handleRequest(null, Object(Config\Cache), false)
 4 SYSTEMPATH\Boot.php(334): CodeIgniter\CodeIgniter->run()
 5 SYSTEMPATH\Boot.php(67): CodeIgniter\Boot::runCodeIgniter(Object(CodeIgniter\CodeIgniter))
 6 FCPATH\index.php(59): CodeIgniter\Boot::bootWeb(Object(Config\Paths))
CRITICAL - 2025-06-24 02:05:26 --> CodeIgniter\HTTP\Exceptions\BadRequestException: The URI you submitted has disallowed characters: "@fortawesome"
[Method: GET, Route: assets/extensions/@fortawesome/fontawesome-pro/css/all.min.css]
in SYSTEMPATH\Router\Router.php on line 741.
 1 SYSTEMPATH\Router\Router.php(207): CodeIgniter\Router\Router->checkDisallowedChars('assets/extensions/@fortawesome/fontawesome-pro/css/all.min.css')
 2 SYSTEMPATH\CodeIgniter.php(832): CodeIgniter\Router\Router->handle('assets/extensions/@fortawesome/fontawesome-pro/css/all.min.css')
 3 SYSTEMPATH\CodeIgniter.php(455): CodeIgniter\CodeIgniter->tryToRouteIt(Object(CodeIgniter\Router\RouteCollection))
 4 SYSTEMPATH\CodeIgniter.php(354): CodeIgniter\CodeIgniter->handleRequest(null, Object(Config\Cache), false)
 5 SYSTEMPATH\Boot.php(334): CodeIgniter\CodeIgniter->run()
 6 SYSTEMPATH\Boot.php(67): CodeIgniter\Boot::runCodeIgniter(Object(CodeIgniter\CodeIgniter))
 7 FCPATH\index.php(59): CodeIgniter\Boot::bootWeb(Object(Config\Paths))
 8 SYSTEMPATH\rewrite.php(44): require_once('G:\\My Drive\\showroom\\public\\index.php')
ERROR - 2025-06-24 02:28:07 --> Error connecting to the database: mysqli_sql_exception: Access denied for user ''@'localhost' (using password: NO) in G:\My Drive\showroom\system\Database\MySQLi\Connection.php:201
Stack trace:
#0 G:\My Drive\showroom\system\Database\MySQLi\Connection.php(201): mysqli->real_connect('localhost', '', Object(SensitiveParameterValue), '', 3306, '', 0)
#1 G:\My Drive\showroom\system\Database\BaseConnection.php(421): CodeIgniter\Database\MySQLi\Connection->connect(false)
#2 G:\My Drive\showroom\system\Database\BaseConnection.php(620): CodeIgniter\Database\BaseConnection->initialize()
#3 G:\My Drive\showroom\system\Database\BaseBuilder.php(1649): CodeIgniter\Database\BaseConnection->query('SELECT `logo_we...', Array, false)
#4 G:\My Drive\showroom\app\Views\side_menu.php(9): CodeIgniter\Database\BaseBuilder->get()
#5 G:\My Drive\showroom\system\View\View.php(224): include('G:\\My Drive\\sho...')
#6 G:\My Drive\showroom\system\View\View.php(227): CodeIgniter\View\View->CodeIgniter\View\{closure}()
#7 G:\My Drive\showroom\system\Common.php(1173): CodeIgniter\View\View->render('side_menu', Array, true)
#8 G:\My Drive\showroom\app\Controllers\Home.php(19): view('side_menu', Array)
#9 G:\My Drive\showroom\system\CodeIgniter.php(933): App\Controllers\Home->index()
#10 G:\My Drive\showroom\system\CodeIgniter.php(507): CodeIgniter\CodeIgniter->runController(Object(App\Controllers\Home))
#11 G:\My Drive\showroom\system\CodeIgniter.php(354): CodeIgniter\CodeIgniter->handleRequest(NULL, Object(Config\Cache), false)
#12 G:\My Drive\showroom\system\Boot.php(334): CodeIgniter\CodeIgniter->run()
#13 G:\My Drive\showroom\system\Boot.php(67): CodeIgniter\Boot::runCodeIgniter(Object(CodeIgniter\CodeIgniter))
#14 G:\My Drive\showroom\public\index.php(59): CodeIgniter\Boot::bootWeb(Object(Config\Paths))
#15 {main}

Next CodeIgniter\Database\Exceptions\DatabaseException: Access denied for user ''@'localhost' (using password: NO) in G:\My Drive\showroom\system\Database\MySQLi\Connection.php:246
Stack trace:
#0 G:\My Drive\showroom\system\Database\BaseConnection.php(421): CodeIgniter\Database\MySQLi\Connection->connect(false)
#1 G:\My Drive\showroom\system\Database\BaseConnection.php(620): CodeIgniter\Database\BaseConnection->initialize()
#2 G:\My Drive\showroom\system\Database\BaseBuilder.php(1649): CodeIgniter\Database\BaseConnection->query('SELECT `logo_we...', Array, false)
#3 G:\My Drive\showroom\app\Views\side_menu.php(9): CodeIgniter\Database\BaseBuilder->get()
#4 G:\My Drive\showroom\system\View\View.php(224): include('G:\\My Drive\\sho...')
#5 G:\My Drive\showroom\system\View\View.php(227): CodeIgniter\View\View->CodeIgniter\View\{closure}()
#6 G:\My Drive\showroom\system\Common.php(1173): CodeIgniter\View\View->render('side_menu', Array, true)
#7 G:\My Drive\showroom\app\Controllers\Home.php(19): view('side_menu', Array)
#8 G:\My Drive\showroom\system\CodeIgniter.php(933): App\Controllers\Home->index()
#9 G:\My Drive\showroom\system\CodeIgniter.php(507): CodeIgniter\CodeIgniter->runController(Object(App\Controllers\Home))
#10 G:\My Drive\showroom\system\CodeIgniter.php(354): CodeIgniter\CodeIgniter->handleRequest(NULL, Object(Config\Cache), false)
#11 G:\My Drive\showroom\system\Boot.php(334): CodeIgniter\CodeIgniter->run()
#12 G:\My Drive\showroom\system\Boot.php(67): CodeIgniter\Boot::runCodeIgniter(Object(CodeIgniter\CodeIgniter))
#13 G:\My Drive\showroom\public\index.php(59): CodeIgniter\Boot::bootWeb(Object(Config\Paths))
#14 {main}
CRITICAL - 2025-06-24 02:28:07 --> CodeIgniter\Database\Exceptions\DatabaseException: Unable to connect to the database.
Main connection [MySQLi]: Access denied for user ''@'localhost' (using password: NO)
[Method: GET, Route: /]
in SYSTEMPATH\Database\BaseConnection.php on line 467.
 1 SYSTEMPATH\Database\BaseConnection.php(620): CodeIgniter\Database\BaseConnection->initialize()
 2 SYSTEMPATH\Database\BaseBuilder.php(1649): CodeIgniter\Database\BaseConnection->query('SELECT `logo_website`
FROM `website`
WHERE `deleted_at` IS NULL', [], false)
 3 APPPATH\Views\side_menu.php(9): CodeIgniter\Database\BaseBuilder->get()
 4 SYSTEMPATH\View\View.php(224): include('G:\\My Drive\\showroom\\app\\Views\\side_menu.php')
 5 SYSTEMPATH\View\View.php(227): CodeIgniter\View\View->CodeIgniter\View\{closure}()
 6 SYSTEMPATH\Common.php(1173): CodeIgniter\View\View->render('side_menu', [], true)
 7 APPPATH\Controllers\Home.php(19): view('side_menu', [...])
 8 SYSTEMPATH\CodeIgniter.php(933): App\Controllers\Home->index()
 9 SYSTEMPATH\CodeIgniter.php(507): CodeIgniter\CodeIgniter->runController(Object(App\Controllers\Home))
10 SYSTEMPATH\CodeIgniter.php(354): CodeIgniter\CodeIgniter->handleRequest(null, Object(Config\Cache), false)
11 SYSTEMPATH\Boot.php(334): CodeIgniter\CodeIgniter->run()
12 SYSTEMPATH\Boot.php(67): CodeIgniter\Boot::runCodeIgniter(Object(CodeIgniter\CodeIgniter))
13 FCPATH\index.php(59): CodeIgniter\Boot::bootWeb(Object(Config\Paths))
ERROR - 2025-06-24 02:28:27 --> Error connecting to the database: mysqli_sql_exception: Access denied for user ''@'localhost' (using password: NO) in G:\My Drive\showroom\system\Database\MySQLi\Connection.php:201
Stack trace:
#0 G:\My Drive\showroom\system\Database\MySQLi\Connection.php(201): mysqli->real_connect('localhost', '', Object(SensitiveParameterValue), '', 3306, '', 0)
#1 G:\My Drive\showroom\system\Database\BaseConnection.php(421): CodeIgniter\Database\MySQLi\Connection->connect(false)
#2 G:\My Drive\showroom\system\Database\BaseConnection.php(620): CodeIgniter\Database\BaseConnection->initialize()
#3 G:\My Drive\showroom\system\Database\BaseBuilder.php(1649): CodeIgniter\Database\BaseConnection->query('SELECT `logo_we...', Array, false)
#4 G:\My Drive\showroom\app\Views\side_menu.php(9): CodeIgniter\Database\BaseBuilder->get()
#5 G:\My Drive\showroom\system\View\View.php(224): include('G:\\My Drive\\sho...')
#6 G:\My Drive\showroom\system\View\View.php(227): CodeIgniter\View\View->CodeIgniter\View\{closure}()
#7 G:\My Drive\showroom\system\Common.php(1173): CodeIgniter\View\View->render('side_menu', Array, true)
#8 G:\My Drive\showroom\app\Controllers\Home.php(19): view('side_menu', Array)
#9 G:\My Drive\showroom\system\CodeIgniter.php(933): App\Controllers\Home->index()
#10 G:\My Drive\showroom\system\CodeIgniter.php(507): CodeIgniter\CodeIgniter->runController(Object(App\Controllers\Home))
#11 G:\My Drive\showroom\system\CodeIgniter.php(354): CodeIgniter\CodeIgniter->handleRequest(NULL, Object(Config\Cache), false)
#12 G:\My Drive\showroom\system\Boot.php(334): CodeIgniter\CodeIgniter->run()
#13 G:\My Drive\showroom\system\Boot.php(67): CodeIgniter\Boot::runCodeIgniter(Object(CodeIgniter\CodeIgniter))
#14 G:\My Drive\showroom\public\index.php(59): CodeIgniter\Boot::bootWeb(Object(Config\Paths))
#15 {main}

Next CodeIgniter\Database\Exceptions\DatabaseException: Access denied for user ''@'localhost' (using password: NO) in G:\My Drive\showroom\system\Database\MySQLi\Connection.php:246
Stack trace:
#0 G:\My Drive\showroom\system\Database\BaseConnection.php(421): CodeIgniter\Database\MySQLi\Connection->connect(false)
#1 G:\My Drive\showroom\system\Database\BaseConnection.php(620): CodeIgniter\Database\BaseConnection->initialize()
#2 G:\My Drive\showroom\system\Database\BaseBuilder.php(1649): CodeIgniter\Database\BaseConnection->query('SELECT `logo_we...', Array, false)
#3 G:\My Drive\showroom\app\Views\side_menu.php(9): CodeIgniter\Database\BaseBuilder->get()
#4 G:\My Drive\showroom\system\View\View.php(224): include('G:\\My Drive\\sho...')
#5 G:\My Drive\showroom\system\View\View.php(227): CodeIgniter\View\View->CodeIgniter\View\{closure}()
#6 G:\My Drive\showroom\system\Common.php(1173): CodeIgniter\View\View->render('side_menu', Array, true)
#7 G:\My Drive\showroom\app\Controllers\Home.php(19): view('side_menu', Array)
#8 G:\My Drive\showroom\system\CodeIgniter.php(933): App\Controllers\Home->index()
#9 G:\My Drive\showroom\system\CodeIgniter.php(507): CodeIgniter\CodeIgniter->runController(Object(App\Controllers\Home))
#10 G:\My Drive\showroom\system\CodeIgniter.php(354): CodeIgniter\CodeIgniter->handleRequest(NULL, Object(Config\Cache), false)
#11 G:\My Drive\showroom\system\Boot.php(334): CodeIgniter\CodeIgniter->run()
#12 G:\My Drive\showroom\system\Boot.php(67): CodeIgniter\Boot::runCodeIgniter(Object(CodeIgniter\CodeIgniter))
#13 G:\My Drive\showroom\public\index.php(59): CodeIgniter\Boot::bootWeb(Object(Config\Paths))
#14 {main}
CRITICAL - 2025-06-24 02:28:27 --> CodeIgniter\Database\Exceptions\DatabaseException: Unable to connect to the database.
Main connection [MySQLi]: Access denied for user ''@'localhost' (using password: NO)
[Method: GET, Route: /]
in SYSTEMPATH\Database\BaseConnection.php on line 467.
 1 SYSTEMPATH\Database\BaseConnection.php(620): CodeIgniter\Database\BaseConnection->initialize()
 2 SYSTEMPATH\Database\BaseBuilder.php(1649): CodeIgniter\Database\BaseConnection->query('SELECT `logo_website`
FROM `website`
WHERE `deleted_at` IS NULL', [], false)
 3 APPPATH\Views\side_menu.php(9): CodeIgniter\Database\BaseBuilder->get()
 4 SYSTEMPATH\View\View.php(224): include('G:\\My Drive\\showroom\\app\\Views\\side_menu.php')
 5 SYSTEMPATH\View\View.php(227): CodeIgniter\View\View->CodeIgniter\View\{closure}()
 6 SYSTEMPATH\Common.php(1173): CodeIgniter\View\View->render('side_menu', [], true)
 7 APPPATH\Controllers\Home.php(19): view('side_menu', [...])
 8 SYSTEMPATH\CodeIgniter.php(933): App\Controllers\Home->index()
 9 SYSTEMPATH\CodeIgniter.php(507): CodeIgniter\CodeIgniter->runController(Object(App\Controllers\Home))
10 SYSTEMPATH\CodeIgniter.php(354): CodeIgniter\CodeIgniter->handleRequest(null, Object(Config\Cache), false)
11 SYSTEMPATH\Boot.php(334): CodeIgniter\CodeIgniter->run()
12 SYSTEMPATH\Boot.php(67): CodeIgniter\Boot::runCodeIgniter(Object(CodeIgniter\CodeIgniter))
13 FCPATH\index.php(59): CodeIgniter\Boot::bootWeb(Object(Config\Paths))
CRITICAL - 2025-06-24 02:28:54 --> ErrorException: Undefined variable $logo
[Method: GET, Route: /]
in APPPATH\Views\side_menu.php on line 10.
 1 APPPATH\Views\side_menu.php(10): CodeIgniter\Debug\Exceptions->errorHandler(2, 'Undefined variable $logo', 'G:\\My Drive\\showroom\\app\\Views\\side_menu.php', 10)
 2 SYSTEMPATH\View\View.php(224): include('G:\\My Drive\\showroom\\app\\Views\\side_menu.php')
 3 SYSTEMPATH\View\View.php(227): CodeIgniter\View\View->CodeIgniter\View\{closure}()
 4 SYSTEMPATH\Common.php(1173): CodeIgniter\View\View->render('side_menu', [], true)
 5 APPPATH\Controllers\Home.php(19): view('side_menu', [...])
 6 SYSTEMPATH\CodeIgniter.php(933): App\Controllers\Home->index()
 7 SYSTEMPATH\CodeIgniter.php(507): CodeIgniter\CodeIgniter->runController(Object(App\Controllers\Home))
 8 SYSTEMPATH\CodeIgniter.php(354): CodeIgniter\CodeIgniter->handleRequest(null, Object(Config\Cache), false)
 9 SYSTEMPATH\Boot.php(334): CodeIgniter\CodeIgniter->run()
10 SYSTEMPATH\Boot.php(67): CodeIgniter\Boot::runCodeIgniter(Object(CodeIgniter\CodeIgniter))
11 FCPATH\index.php(59): CodeIgniter\Boot::bootWeb(Object(Config\Paths))
CRITICAL - 2025-06-24 02:29:13 --> ErrorException: Undefined variable $logo
[Method: GET, Route: /]
in APPPATH\Views\side_menu.php on line 10.
 1 APPPATH\Views\side_menu.php(10): CodeIgniter\Debug\Exceptions->errorHandler(2, 'Undefined variable $logo', 'G:\\My Drive\\showroom\\app\\Views\\side_menu.php', 10)
 2 SYSTEMPATH\View\View.php(224): include('G:\\My Drive\\showroom\\app\\Views\\side_menu.php')
 3 SYSTEMPATH\View\View.php(227): CodeIgniter\View\View->CodeIgniter\View\{closure}()
 4 SYSTEMPATH\Common.php(1173): CodeIgniter\View\View->render('side_menu', [], true)
 5 APPPATH\Controllers\Home.php(19): view('side_menu')
 6 SYSTEMPATH\CodeIgniter.php(933): App\Controllers\Home->index()
 7 SYSTEMPATH\CodeIgniter.php(507): CodeIgniter\CodeIgniter->runController(Object(App\Controllers\Home))
 8 SYSTEMPATH\CodeIgniter.php(354): CodeIgniter\CodeIgniter->handleRequest(null, Object(Config\Cache), false)
 9 SYSTEMPATH\Boot.php(334): CodeIgniter\CodeIgniter->run()
10 SYSTEMPATH\Boot.php(67): CodeIgniter\Boot::runCodeIgniter(Object(CodeIgniter\CodeIgniter))
11 FCPATH\index.php(59): CodeIgniter\Boot::bootWeb(Object(Config\Paths))
ERROR - 2025-06-24 02:30:09 --> Error connecting to the database: mysqli_sql_exception: Access denied for user ''@'localhost' (using password: NO) in G:\My Drive\showroom\system\Database\MySQLi\Connection.php:201
Stack trace:
#0 G:\My Drive\showroom\system\Database\MySQLi\Connection.php(201): mysqli->real_connect('localhost', '', Object(SensitiveParameterValue), '', 3306, '', 0)
#1 G:\My Drive\showroom\system\Database\BaseConnection.php(421): CodeIgniter\Database\MySQLi\Connection->connect(false)
#2 G:\My Drive\showroom\system\Database\BaseConnection.php(620): CodeIgniter\Database\BaseConnection->initialize()
#3 G:\My Drive\showroom\system\Database\BaseBuilder.php(1649): CodeIgniter\Database\BaseConnection->query('SELECT `logo_we...', Array, false)
#4 G:\My Drive\showroom\app\Views\side_menu.php(9): CodeIgniter\Database\BaseBuilder->get()
#5 G:\My Drive\showroom\system\View\View.php(224): include('G:\\My Drive\\sho...')
#6 G:\My Drive\showroom\system\View\View.php(227): CodeIgniter\View\View->CodeIgniter\View\{closure}()
#7 G:\My Drive\showroom\system\Common.php(1173): CodeIgniter\View\View->render('side_menu', Array, true)
#8 G:\My Drive\showroom\app\Controllers\Home.php(19): view('side_menu')
#9 G:\My Drive\showroom\system\CodeIgniter.php(933): App\Controllers\Home->index()
#10 G:\My Drive\showroom\system\CodeIgniter.php(507): CodeIgniter\CodeIgniter->runController(Object(App\Controllers\Home))
#11 G:\My Drive\showroom\system\CodeIgniter.php(354): CodeIgniter\CodeIgniter->handleRequest(NULL, Object(Config\Cache), false)
#12 G:\My Drive\showroom\system\Boot.php(334): CodeIgniter\CodeIgniter->run()
#13 G:\My Drive\showroom\system\Boot.php(67): CodeIgniter\Boot::runCodeIgniter(Object(CodeIgniter\CodeIgniter))
#14 G:\My Drive\showroom\public\index.php(59): CodeIgniter\Boot::bootWeb(Object(Config\Paths))
#15 {main}

Next CodeIgniter\Database\Exceptions\DatabaseException: Access denied for user ''@'localhost' (using password: NO) in G:\My Drive\showroom\system\Database\MySQLi\Connection.php:246
Stack trace:
#0 G:\My Drive\showroom\system\Database\BaseConnection.php(421): CodeIgniter\Database\MySQLi\Connection->connect(false)
#1 G:\My Drive\showroom\system\Database\BaseConnection.php(620): CodeIgniter\Database\BaseConnection->initialize()
#2 G:\My Drive\showroom\system\Database\BaseBuilder.php(1649): CodeIgniter\Database\BaseConnection->query('SELECT `logo_we...', Array, false)
#3 G:\My Drive\showroom\app\Views\side_menu.php(9): CodeIgniter\Database\BaseBuilder->get()
#4 G:\My Drive\showroom\system\View\View.php(224): include('G:\\My Drive\\sho...')
#5 G:\My Drive\showroom\system\View\View.php(227): CodeIgniter\View\View->CodeIgniter\View\{closure}()
#6 G:\My Drive\showroom\system\Common.php(1173): CodeIgniter\View\View->render('side_menu', Array, true)
#7 G:\My Drive\showroom\app\Controllers\Home.php(19): view('side_menu')
#8 G:\My Drive\showroom\system\CodeIgniter.php(933): App\Controllers\Home->index()
#9 G:\My Drive\showroom\system\CodeIgniter.php(507): CodeIgniter\CodeIgniter->runController(Object(App\Controllers\Home))
#10 G:\My Drive\showroom\system\CodeIgniter.php(354): CodeIgniter\CodeIgniter->handleRequest(NULL, Object(Config\Cache), false)
#11 G:\My Drive\showroom\system\Boot.php(334): CodeIgniter\CodeIgniter->run()
#12 G:\My Drive\showroom\system\Boot.php(67): CodeIgniter\Boot::runCodeIgniter(Object(CodeIgniter\CodeIgniter))
#13 G:\My Drive\showroom\public\index.php(59): CodeIgniter\Boot::bootWeb(Object(Config\Paths))
#14 {main}
CRITICAL - 2025-06-24 02:30:09 --> CodeIgniter\Database\Exceptions\DatabaseException: Unable to connect to the database.
Main connection [MySQLi]: Access denied for user ''@'localhost' (using password: NO)
[Method: GET, Route: /]
in SYSTEMPATH\Database\BaseConnection.php on line 467.
 1 SYSTEMPATH\Database\BaseConnection.php(620): CodeIgniter\Database\BaseConnection->initialize()
 2 SYSTEMPATH\Database\BaseBuilder.php(1649): CodeIgniter\Database\BaseConnection->query('SELECT `logo_website`
FROM `website`
WHERE `deleted_at` IS NULL', [], false)
 3 APPPATH\Views\side_menu.php(9): CodeIgniter\Database\BaseBuilder->get()
 4 SYSTEMPATH\View\View.php(224): include('G:\\My Drive\\showroom\\app\\Views\\side_menu.php')
 5 SYSTEMPATH\View\View.php(227): CodeIgniter\View\View->CodeIgniter\View\{closure}()
 6 SYSTEMPATH\Common.php(1173): CodeIgniter\View\View->render('side_menu', [], true)
 7 APPPATH\Controllers\Home.php(19): view('side_menu')
 8 SYSTEMPATH\CodeIgniter.php(933): App\Controllers\Home->index()
 9 SYSTEMPATH\CodeIgniter.php(507): CodeIgniter\CodeIgniter->runController(Object(App\Controllers\Home))
10 SYSTEMPATH\CodeIgniter.php(354): CodeIgniter\CodeIgniter->handleRequest(null, Object(Config\Cache), false)
11 SYSTEMPATH\Boot.php(334): CodeIgniter\CodeIgniter->run()
12 SYSTEMPATH\Boot.php(67): CodeIgniter\Boot::runCodeIgniter(Object(CodeIgniter\CodeIgniter))
13 FCPATH\index.php(59): CodeIgniter\Boot::bootWeb(Object(Config\Paths))
ERROR - 2025-06-24 02:30:32 --> Error connecting to the database: mysqli_sql_exception: Access denied for user ''@'localhost' (using password: NO) in G:\My Drive\showroom\system\Database\MySQLi\Connection.php:201
Stack trace:
#0 G:\My Drive\showroom\system\Database\MySQLi\Connection.php(201): mysqli->real_connect('localhost', '', Object(SensitiveParameterValue), '', 3306, '', 0)
#1 G:\My Drive\showroom\system\Database\BaseConnection.php(421): CodeIgniter\Database\MySQLi\Connection->connect(false)
#2 G:\My Drive\showroom\system\Database\BaseConnection.php(620): CodeIgniter\Database\BaseConnection->initialize()
#3 G:\My Drive\showroom\system\Database\BaseBuilder.php(1649): CodeIgniter\Database\BaseConnection->query('SELECT `logo_we...', Array, false)
#4 G:\My Drive\showroom\app\Controllers\Home.php(18): CodeIgniter\Database\BaseBuilder->get()
#5 G:\My Drive\showroom\system\CodeIgniter.php(933): App\Controllers\Home->index()
#6 G:\My Drive\showroom\system\CodeIgniter.php(507): CodeIgniter\CodeIgniter->runController(Object(App\Controllers\Home))
#7 G:\My Drive\showroom\system\CodeIgniter.php(354): CodeIgniter\CodeIgniter->handleRequest(NULL, Object(Config\Cache), false)
#8 G:\My Drive\showroom\system\Boot.php(334): CodeIgniter\CodeIgniter->run()
#9 G:\My Drive\showroom\system\Boot.php(67): CodeIgniter\Boot::runCodeIgniter(Object(CodeIgniter\CodeIgniter))
#10 G:\My Drive\showroom\public\index.php(59): CodeIgniter\Boot::bootWeb(Object(Config\Paths))
#11 {main}

Next CodeIgniter\Database\Exceptions\DatabaseException: Access denied for user ''@'localhost' (using password: NO) in G:\My Drive\showroom\system\Database\MySQLi\Connection.php:246
Stack trace:
#0 G:\My Drive\showroom\system\Database\BaseConnection.php(421): CodeIgniter\Database\MySQLi\Connection->connect(false)
#1 G:\My Drive\showroom\system\Database\BaseConnection.php(620): CodeIgniter\Database\BaseConnection->initialize()
#2 G:\My Drive\showroom\system\Database\BaseBuilder.php(1649): CodeIgniter\Database\BaseConnection->query('SELECT `logo_we...', Array, false)
#3 G:\My Drive\showroom\app\Controllers\Home.php(18): CodeIgniter\Database\BaseBuilder->get()
#4 G:\My Drive\showroom\system\CodeIgniter.php(933): App\Controllers\Home->index()
#5 G:\My Drive\showroom\system\CodeIgniter.php(507): CodeIgniter\CodeIgniter->runController(Object(App\Controllers\Home))
#6 G:\My Drive\showroom\system\CodeIgniter.php(354): CodeIgniter\CodeIgniter->handleRequest(NULL, Object(Config\Cache), false)
#7 G:\My Drive\showroom\system\Boot.php(334): CodeIgniter\CodeIgniter->run()
#8 G:\My Drive\showroom\system\Boot.php(67): CodeIgniter\Boot::runCodeIgniter(Object(CodeIgniter\CodeIgniter))
#9 G:\My Drive\showroom\public\index.php(59): CodeIgniter\Boot::bootWeb(Object(Config\Paths))
#10 {main}
CRITICAL - 2025-06-24 02:30:32 --> CodeIgniter\Database\Exceptions\DatabaseException: Unable to connect to the database.
Main connection [MySQLi]: Access denied for user ''@'localhost' (using password: NO)
[Method: GET, Route: /]
in SYSTEMPATH\Database\BaseConnection.php on line 467.
 1 SYSTEMPATH\Database\BaseConnection.php(620): CodeIgniter\Database\BaseConnection->initialize()
 2 SYSTEMPATH\Database\BaseBuilder.php(1649): CodeIgniter\Database\BaseConnection->query('SELECT `logo_website`
FROM `website`
WHERE `deleted_at` IS NULL', [], false)
 3 APPPATH\Controllers\Home.php(18): CodeIgniter\Database\BaseBuilder->get()
 4 SYSTEMPATH\CodeIgniter.php(933): App\Controllers\Home->index()
 5 SYSTEMPATH\CodeIgniter.php(507): CodeIgniter\CodeIgniter->runController(Object(App\Controllers\Home))
 6 SYSTEMPATH\CodeIgniter.php(354): CodeIgniter\CodeIgniter->handleRequest(null, Object(Config\Cache), false)
 7 SYSTEMPATH\Boot.php(334): CodeIgniter\CodeIgniter->run()
 8 SYSTEMPATH\Boot.php(67): CodeIgniter\Boot::runCodeIgniter(Object(CodeIgniter\CodeIgniter))
 9 FCPATH\index.php(59): CodeIgniter\Boot::bootWeb(Object(Config\Paths))
ERROR - 2025-06-24 02:31:01 --> Error connecting to the database: mysqli_sql_exception: Access denied for user ''@'localhost' (using password: NO) in G:\My Drive\showroom\system\Database\MySQLi\Connection.php:201
Stack trace:
#0 G:\My Drive\showroom\system\Database\MySQLi\Connection.php(201): mysqli->real_connect('localhost', '', Object(SensitiveParameterValue), '', 3306, '', 0)
#1 G:\My Drive\showroom\system\Database\BaseConnection.php(421): CodeIgniter\Database\MySQLi\Connection->connect(false)
#2 G:\My Drive\showroom\system\Database\BaseConnection.php(620): CodeIgniter\Database\BaseConnection->initialize()
#3 G:\My Drive\showroom\system\Database\BaseBuilder.php(1649): CodeIgniter\Database\BaseConnection->query('SELECT `logo_we...', Array, false)
#4 G:\My Drive\showroom\app\Controllers\Home.php(18): CodeIgniter\Database\BaseBuilder->get()
#5 G:\My Drive\showroom\system\CodeIgniter.php(933): App\Controllers\Home->index()
#6 G:\My Drive\showroom\system\CodeIgniter.php(507): CodeIgniter\CodeIgniter->runController(Object(App\Controllers\Home))
#7 G:\My Drive\showroom\system\CodeIgniter.php(354): CodeIgniter\CodeIgniter->handleRequest(NULL, Object(Config\Cache), false)
#8 G:\My Drive\showroom\system\Boot.php(334): CodeIgniter\CodeIgniter->run()
#9 G:\My Drive\showroom\system\Boot.php(67): CodeIgniter\Boot::runCodeIgniter(Object(CodeIgniter\CodeIgniter))
#10 G:\My Drive\showroom\public\index.php(59): CodeIgniter\Boot::bootWeb(Object(Config\Paths))
#11 {main}

Next CodeIgniter\Database\Exceptions\DatabaseException: Access denied for user ''@'localhost' (using password: NO) in G:\My Drive\showroom\system\Database\MySQLi\Connection.php:246
Stack trace:
#0 G:\My Drive\showroom\system\Database\BaseConnection.php(421): CodeIgniter\Database\MySQLi\Connection->connect(false)
#1 G:\My Drive\showroom\system\Database\BaseConnection.php(620): CodeIgniter\Database\BaseConnection->initialize()
#2 G:\My Drive\showroom\system\Database\BaseBuilder.php(1649): CodeIgniter\Database\BaseConnection->query('SELECT `logo_we...', Array, false)
#3 G:\My Drive\showroom\app\Controllers\Home.php(18): CodeIgniter\Database\BaseBuilder->get()
#4 G:\My Drive\showroom\system\CodeIgniter.php(933): App\Controllers\Home->index()
#5 G:\My Drive\showroom\system\CodeIgniter.php(507): CodeIgniter\CodeIgniter->runController(Object(App\Controllers\Home))
#6 G:\My Drive\showroom\system\CodeIgniter.php(354): CodeIgniter\CodeIgniter->handleRequest(NULL, Object(Config\Cache), false)
#7 G:\My Drive\showroom\system\Boot.php(334): CodeIgniter\CodeIgniter->run()
#8 G:\My Drive\showroom\system\Boot.php(67): CodeIgniter\Boot::runCodeIgniter(Object(CodeIgniter\CodeIgniter))
#9 G:\My Drive\showroom\public\index.php(59): CodeIgniter\Boot::bootWeb(Object(Config\Paths))
#10 {main}
CRITICAL - 2025-06-24 02:31:01 --> CodeIgniter\Database\Exceptions\DatabaseException: Unable to connect to the database.
Main connection [MySQLi]: Access denied for user ''@'localhost' (using password: NO)
[Method: GET, Route: /]
in SYSTEMPATH\Database\BaseConnection.php on line 467.
 1 SYSTEMPATH\Database\BaseConnection.php(620): CodeIgniter\Database\BaseConnection->initialize()
 2 SYSTEMPATH\Database\BaseBuilder.php(1649): CodeIgniter\Database\BaseConnection->query('SELECT `logo_website`
FROM `website`
WHERE `deleted_at` IS NULL', [], false)
 3 APPPATH\Controllers\Home.php(18): CodeIgniter\Database\BaseBuilder->get()
 4 SYSTEMPATH\CodeIgniter.php(933): App\Controllers\Home->index()
 5 SYSTEMPATH\CodeIgniter.php(507): CodeIgniter\CodeIgniter->runController(Object(App\Controllers\Home))
 6 SYSTEMPATH\CodeIgniter.php(354): CodeIgniter\CodeIgniter->handleRequest(null, Object(Config\Cache), false)
 7 SYSTEMPATH\Boot.php(334): CodeIgniter\CodeIgniter->run()
 8 SYSTEMPATH\Boot.php(67): CodeIgniter\Boot::runCodeIgniter(Object(CodeIgniter\CodeIgniter))
 9 FCPATH\index.php(59): CodeIgniter\Boot::bootWeb(Object(Config\Paths))
ERROR - 2025-06-24 02:32:39 --> Error connecting to the database: mysqli_sql_exception: Access denied for user ''@'localhost' (using password: NO) in G:\My Drive\showroom\system\Database\MySQLi\Connection.php:201
Stack trace:
#0 G:\My Drive\showroom\system\Database\MySQLi\Connection.php(201): mysqli->real_connect('localhost', '', Object(SensitiveParameterValue), 'showroom', 3306, '', 0)
#1 G:\My Drive\showroom\system\Database\BaseConnection.php(421): CodeIgniter\Database\MySQLi\Connection->connect(false)
#2 G:\My Drive\showroom\system\Database\BaseConnection.php(620): CodeIgniter\Database\BaseConnection->initialize()
#3 G:\My Drive\showroom\system\Database\BaseBuilder.php(1649): CodeIgniter\Database\BaseConnection->query('SELECT `logo_we...', Array, false)
#4 G:\My Drive\showroom\app\Controllers\Home.php(18): CodeIgniter\Database\BaseBuilder->get()
#5 G:\My Drive\showroom\system\CodeIgniter.php(933): App\Controllers\Home->index()
#6 G:\My Drive\showroom\system\CodeIgniter.php(507): CodeIgniter\CodeIgniter->runController(Object(App\Controllers\Home))
#7 G:\My Drive\showroom\system\CodeIgniter.php(354): CodeIgniter\CodeIgniter->handleRequest(NULL, Object(Config\Cache), false)
#8 G:\My Drive\showroom\system\Boot.php(334): CodeIgniter\CodeIgniter->run()
#9 G:\My Drive\showroom\system\Boot.php(67): CodeIgniter\Boot::runCodeIgniter(Object(CodeIgniter\CodeIgniter))
#10 G:\My Drive\showroom\public\index.php(59): CodeIgniter\Boot::bootWeb(Object(Config\Paths))
#11 {main}

Next CodeIgniter\Database\Exceptions\DatabaseException: Access denied for user ''@'localhost' (using password: NO) in G:\My Drive\showroom\system\Database\MySQLi\Connection.php:246
Stack trace:
#0 G:\My Drive\showroom\system\Database\BaseConnection.php(421): CodeIgniter\Database\MySQLi\Connection->connect(false)
#1 G:\My Drive\showroom\system\Database\BaseConnection.php(620): CodeIgniter\Database\BaseConnection->initialize()
#2 G:\My Drive\showroom\system\Database\BaseBuilder.php(1649): CodeIgniter\Database\BaseConnection->query('SELECT `logo_we...', Array, false)
#3 G:\My Drive\showroom\app\Controllers\Home.php(18): CodeIgniter\Database\BaseBuilder->get()
#4 G:\My Drive\showroom\system\CodeIgniter.php(933): App\Controllers\Home->index()
#5 G:\My Drive\showroom\system\CodeIgniter.php(507): CodeIgniter\CodeIgniter->runController(Object(App\Controllers\Home))
#6 G:\My Drive\showroom\system\CodeIgniter.php(354): CodeIgniter\CodeIgniter->handleRequest(NULL, Object(Config\Cache), false)
#7 G:\My Drive\showroom\system\Boot.php(334): CodeIgniter\CodeIgniter->run()
#8 G:\My Drive\showroom\system\Boot.php(67): CodeIgniter\Boot::runCodeIgniter(Object(CodeIgniter\CodeIgniter))
#9 G:\My Drive\showroom\public\index.php(59): CodeIgniter\Boot::bootWeb(Object(Config\Paths))
#10 {main}
CRITICAL - 2025-06-24 02:32:39 --> CodeIgniter\Database\Exceptions\DatabaseException: Unable to connect to the database.
Main connection [MySQLi]: Access denied for user ''@'localhost' (using password: NO)
[Method: GET, Route: /]
in SYSTEMPATH\Database\BaseConnection.php on line 467.
 1 SYSTEMPATH\Database\BaseConnection.php(620): CodeIgniter\Database\BaseConnection->initialize()
 2 SYSTEMPATH\Database\BaseBuilder.php(1649): CodeIgniter\Database\BaseConnection->query('SELECT `logo_website`
FROM `website`
WHERE `deleted_at` IS NULL', [], false)
 3 APPPATH\Controllers\Home.php(18): CodeIgniter\Database\BaseBuilder->get()
 4 SYSTEMPATH\CodeIgniter.php(933): App\Controllers\Home->index()
 5 SYSTEMPATH\CodeIgniter.php(507): CodeIgniter\CodeIgniter->runController(Object(App\Controllers\Home))
 6 SYSTEMPATH\CodeIgniter.php(354): CodeIgniter\CodeIgniter->handleRequest(null, Object(Config\Cache), false)
 7 SYSTEMPATH\Boot.php(334): CodeIgniter\CodeIgniter->run()
 8 SYSTEMPATH\Boot.php(67): CodeIgniter\Boot::runCodeIgniter(Object(CodeIgniter\CodeIgniter))
 9 FCPATH\index.php(59): CodeIgniter\Boot::bootWeb(Object(Config\Paths))
CRITICAL - 2025-06-24 02:34:13 --> CodeIgniter\View\Exceptions\ViewException: Invalid file: "side_menu.php"
[Method: GET, Route: /]
in SYSTEMPATH\Exceptions\FrameworkException.php on line 39.
 1 SYSTEMPATH\View\View.php(212): CodeIgniter\Exceptions\FrameworkException::forInvalidFile('side_menu.php')
 2 SYSTEMPATH\Common.php(1173): CodeIgniter\View\View->render('side_menu', [], true)
 3 APPPATH\Controllers\Home.php(19): view('side_menu')
 4 SYSTEMPATH\CodeIgniter.php(933): App\Controllers\Home->index()
 5 SYSTEMPATH\CodeIgniter.php(507): CodeIgniter\CodeIgniter->runController(Object(App\Controllers\Home))
 6 SYSTEMPATH\CodeIgniter.php(354): CodeIgniter\CodeIgniter->handleRequest(null, Object(Config\Cache), false)
 7 SYSTEMPATH\Boot.php(334): CodeIgniter\CodeIgniter->run()
 8 SYSTEMPATH\Boot.php(67): CodeIgniter\Boot::runCodeIgniter(Object(CodeIgniter\CodeIgniter))
 9 FCPATH\index.php(59): CodeIgniter\Boot::bootWeb(Object(Config\Paths))
