ERROR - 2025-06-28 06:45:37 --> Error connecting to the database: mysqli_sql_exception: No connection could be made because the target machine actively refused it in H:\My Drive\showroom\system\Database\MySQLi\Connection.php:201
Stack trace:
#0 H:\My Drive\showroom\system\Database\MySQLi\Connection.php(201): mysqli->real_connect('localhost', 'root', Object(SensitiveParameterValue), 'showroom', 3306, '', 0)
#1 H:\My Drive\showroom\system\Database\BaseConnection.php(421): CodeIgniter\Database\MySQLi\Connection->connect(false)
#2 H:\My Drive\showroom\system\Database\BaseConnection.php(620): CodeIgniter\Database\BaseConnection->initialize()
#3 H:\My Drive\showroom\system\Database\BaseBuilder.php(1649): CodeIgniter\Database\BaseConnection->query('SELECT *\nFROM `...', Array, false)
#4 H:\My Drive\showroom\app\Controllers\Katalog.php(13): CodeIgniter\Database\BaseBuilder->get()
#5 H:\My Drive\showroom\system\CodeIgniter.php(933): App\Controllers\Katalog->index()
#6 H:\My Drive\showroom\system\CodeIgniter.php(507): CodeIgniter\CodeIgniter->runController(Object(App\Controllers\Katalog))
#7 H:\My Drive\showroom\system\CodeIgniter.php(354): CodeIgniter\CodeIgniter->handleRequest(NULL, Object(Config\Cache), false)
#8 H:\My Drive\showroom\system\Boot.php(334): CodeIgniter\CodeIgniter->run()
#9 H:\My Drive\showroom\system\Boot.php(67): CodeIgniter\Boot::runCodeIgniter(Object(CodeIgniter\CodeIgniter))
#10 H:\My Drive\showroom\public\index.php(59): CodeIgniter\Boot::bootWeb(Object(Config\Paths))
#11 H:\My Drive\showroom\system\rewrite.php(44): require_once('H:\\My Drive\\sho...')
#12 {main}

Next CodeIgniter\Database\Exceptions\DatabaseException: No connection could be made because the target machine actively refused it in H:\My Drive\showroom\system\Database\MySQLi\Connection.php:246
Stack trace:
#0 H:\My Drive\showroom\system\Database\BaseConnection.php(421): CodeIgniter\Database\MySQLi\Connection->connect(false)
#1 H:\My Drive\showroom\system\Database\BaseConnection.php(620): CodeIgniter\Database\BaseConnection->initialize()
#2 H:\My Drive\showroom\system\Database\BaseBuilder.php(1649): CodeIgniter\Database\BaseConnection->query('SELECT *\nFROM `...', Array, false)
#3 H:\My Drive\showroom\app\Controllers\Katalog.php(13): CodeIgniter\Database\BaseBuilder->get()
#4 H:\My Drive\showroom\system\CodeIgniter.php(933): App\Controllers\Katalog->index()
#5 H:\My Drive\showroom\system\CodeIgniter.php(507): CodeIgniter\CodeIgniter->runController(Object(App\Controllers\Katalog))
#6 H:\My Drive\showroom\system\CodeIgniter.php(354): CodeIgniter\CodeIgniter->handleRequest(NULL, Object(Config\Cache), false)
#7 H:\My Drive\showroom\system\Boot.php(334): CodeIgniter\CodeIgniter->run()
#8 H:\My Drive\showroom\system\Boot.php(67): CodeIgniter\Boot::runCodeIgniter(Object(CodeIgniter\CodeIgniter))
#9 H:\My Drive\showroom\public\index.php(59): CodeIgniter\Boot::bootWeb(Object(Config\Paths))
#10 H:\My Drive\showroom\system\rewrite.php(44): require_once('H:\\My Drive\\sho...')
#11 {main}
CRITICAL - 2025-06-28 06:45:37 --> CodeIgniter\Database\Exceptions\DatabaseException: Unable to connect to the database.
Main connection [MySQLi]: No connection could be made because the target machine actively refused it
[Method: GET, Route: Katalog]
in SYSTEMPATH\Database\BaseConnection.php on line 467.
 1 SYSTEMPATH\Database\BaseConnection.php(620): CodeIgniter\Database\BaseConnection->initialize()
 2 SYSTEMPATH\Database\BaseBuilder.php(1649): CodeIgniter\Database\BaseConnection->query('SELECT *
FROM `mobil`
WHERE `status` = :status:', [...], false)
 3 APPPATH\Controllers\Katalog.php(13): CodeIgniter\Database\BaseBuilder->get()
 4 SYSTEMPATH\CodeIgniter.php(933): App\Controllers\Katalog->index()
 5 SYSTEMPATH\CodeIgniter.php(507): CodeIgniter\CodeIgniter->runController(Object(App\Controllers\Katalog))
 6 SYSTEMPATH\CodeIgniter.php(354): CodeIgniter\CodeIgniter->handleRequest(null, Object(Config\Cache), false)
 7 SYSTEMPATH\Boot.php(334): CodeIgniter\CodeIgniter->run()
 8 SYSTEMPATH\Boot.php(67): CodeIgniter\Boot::runCodeIgniter(Object(CodeIgniter\CodeIgniter))
 9 FCPATH\index.php(59): CodeIgniter\Boot::bootWeb(Object(Config\Paths))
10 SYSTEMPATH\rewrite.php(44): require_once('H:\\My Drive\\showroom\\public\\index.php')
CRITICAL - 2025-06-28 10:01:57 --> ErrorException: Undefined variable $uri
[Method: GET, Route: Admin]
in APPPATH\Views\menu.php on line 57.
 1 APPPATH\Views\menu.php(57): CodeIgniter\Debug\Exceptions->errorHandler(2, 'Undefined variable $uri', 'H:\\My Drive\\showroom\\app\\Views\\menu.php', 57)
 2 SYSTEMPATH\View\View.php(224): include('H:\\My Drive\\showroom\\app\\Views\\menu.php')
 3 SYSTEMPATH\View\View.php(227): CodeIgniter\View\View->CodeIgniter\View\{closure}()
 4 SYSTEMPATH\Common.php(1173): CodeIgniter\View\View->render('menu', [], true)
 5 APPPATH\Controllers\Admin.php(15): view('menu')
 6 SYSTEMPATH\CodeIgniter.php(933): App\Controllers\Admin->index()
 7 SYSTEMPATH\CodeIgniter.php(507): CodeIgniter\CodeIgniter->runController(Object(App\Controllers\Admin))
 8 SYSTEMPATH\CodeIgniter.php(354): CodeIgniter\CodeIgniter->handleRequest(null, Object(Config\Cache), false)
 9 SYSTEMPATH\Boot.php(334): CodeIgniter\CodeIgniter->run()
10 SYSTEMPATH\Boot.php(67): CodeIgniter\Boot::runCodeIgniter(Object(CodeIgniter\CodeIgniter))
11 FCPATH\index.php(59): CodeIgniter\Boot::bootWeb(Object(Config\Paths))
12 SYSTEMPATH\rewrite.php(44): require_once('H:\\My Drive\\showroom\\public\\index.php')
CRITICAL - 2025-06-28 11:58:24 --> CodeIgniter\View\Exceptions\ViewException: Invalid file: "mobil/v_terjual.php"
[Method: GET, Route: penjualan]
in SYSTEMPATH\Exceptions\FrameworkException.php on line 39.
 1 SYSTEMPATH\View\View.php(212): CodeIgniter\Exceptions\FrameworkException::forInvalidFile('mobil/v_terjual.php')
 2 SYSTEMPATH\Common.php(1173): CodeIgniter\View\View->render('mobil/v_terjual', [], true)
 3 APPPATH\Controllers\Penjualan.php(44): view('mobil/v_terjual', [...])
 4 SYSTEMPATH\CodeIgniter.php(933): App\Controllers\Penjualan->index()
 5 SYSTEMPATH\CodeIgniter.php(507): CodeIgniter\CodeIgniter->runController(Object(App\Controllers\Penjualan))
 6 SYSTEMPATH\CodeIgniter.php(354): CodeIgniter\CodeIgniter->handleRequest(null, Object(Config\Cache), false)
 7 SYSTEMPATH\Boot.php(334): CodeIgniter\CodeIgniter->run()
 8 SYSTEMPATH\Boot.php(67): CodeIgniter\Boot::runCodeIgniter(Object(CodeIgniter\CodeIgniter))
 9 FCPATH\index.php(59): CodeIgniter\Boot::bootWeb(Object(Config\Paths))
10 SYSTEMPATH\rewrite.php(44): require_once('H:\\My Drive\\showroom\\public\\index.php')
CRITICAL - 2025-06-28 11:59:01 --> ErrorException: Undefined variable $penjualan
[Method: GET, Route: penjualan]
in APPPATH\Views\penjualan\v_penjualan.php on line 62.
 1 APPPATH\Views\penjualan\v_penjualan.php(62): CodeIgniter\Debug\Exceptions->errorHandler(2, 'Undefined variable $penjualan', 'H:\\My Drive\\showroom\\app\\Views\\penjualan\\v_penjualan.php', 62)
 2 SYSTEMPATH\View\View.php(224): include('H:\\My Drive\\showroom\\app\\Views\\penjualan\\v_penjualan.php')
 3 SYSTEMPATH\View\View.php(227): CodeIgniter\View\View->CodeIgniter\View\{closure}()
 4 SYSTEMPATH\Common.php(1173): CodeIgniter\View\View->render('penjualan/v_penjualan', [], true)
 5 APPPATH\Controllers\Penjualan.php(44): view('penjualan/v_penjualan', [...])
 6 SYSTEMPATH\CodeIgniter.php(933): App\Controllers\Penjualan->index()
 7 SYSTEMPATH\CodeIgniter.php(507): CodeIgniter\CodeIgniter->runController(Object(App\Controllers\Penjualan))
 8 SYSTEMPATH\CodeIgniter.php(354): CodeIgniter\CodeIgniter->handleRequest(null, Object(Config\Cache), false)
 9 SYSTEMPATH\Boot.php(334): CodeIgniter\CodeIgniter->run()
10 SYSTEMPATH\Boot.php(67): CodeIgniter\Boot::runCodeIgniter(Object(CodeIgniter\CodeIgniter))
11 FCPATH\index.php(59): CodeIgniter\Boot::bootWeb(Object(Config\Paths))
12 SYSTEMPATH\rewrite.php(44): require_once('H:\\My Drive\\showroom\\public\\index.php')
CRITICAL - 2025-06-28 14:16:16 --> ErrorException: Undefined variable $p
[Method: GET, Route: penjualan]
in APPPATH\Views\penjualan\v_penjualan.php on line 79.
 1 APPPATH\Views\penjualan\v_penjualan.php(79): CodeIgniter\Debug\Exceptions->errorHandler(2, 'Undefined variable $p', 'G:\\My Drive\\showroom\\app\\Views\\penjualan\\v_penjualan.php', 79)
 2 SYSTEMPATH\View\View.php(224): include('G:\\My Drive\\showroom\\app\\Views\\penjualan\\v_penjualan.php')
 3 SYSTEMPATH\View\View.php(227): CodeIgniter\View\View->CodeIgniter\View\{closure}()
 4 SYSTEMPATH\Common.php(1173): CodeIgniter\View\View->render('penjualan/v_penjualan', [], true)
 5 APPPATH\Controllers\Penjualan.php(44): view('penjualan/v_penjualan', [...])
 6 SYSTEMPATH\CodeIgniter.php(933): App\Controllers\Penjualan->index()
 7 SYSTEMPATH\CodeIgniter.php(507): CodeIgniter\CodeIgniter->runController(Object(App\Controllers\Penjualan))
 8 SYSTEMPATH\CodeIgniter.php(354): CodeIgniter\CodeIgniter->handleRequest(null, Object(Config\Cache), false)
 9 SYSTEMPATH\Boot.php(334): CodeIgniter\CodeIgniter->run()
10 SYSTEMPATH\Boot.php(67): CodeIgniter\Boot::runCodeIgniter(Object(CodeIgniter\CodeIgniter))
11 FCPATH\index.php(59): CodeIgniter\Boot::bootWeb(Object(Config\Paths))
12 SYSTEMPATH\rewrite.php(44): require_once('G:\\My Drive\\showroom\\public\\index.php')
CRITICAL - 2025-06-28 14:16:39 --> ErrorException: Undefined property: stdClass::$id_penjualan
[Method: GET, Route: penjualan]
in APPPATH\Views\penjualan\v_penjualan.php on line 79.
 1 APPPATH\Views\penjualan\v_penjualan.php(79): CodeIgniter\Debug\Exceptions->errorHandler(2, 'Undefined property: stdClass::$id_penjualan', 'G:\\My Drive\\showroom\\app\\Views\\penjualan\\v_penjualan.php', 79)
 2 SYSTEMPATH\View\View.php(224): include('G:\\My Drive\\showroom\\app\\Views\\penjualan\\v_penjualan.php')
 3 SYSTEMPATH\View\View.php(227): CodeIgniter\View\View->CodeIgniter\View\{closure}()
 4 SYSTEMPATH\Common.php(1173): CodeIgniter\View\View->render('penjualan/v_penjualan', [], true)
 5 APPPATH\Controllers\Penjualan.php(44): view('penjualan/v_penjualan', [...])
 6 SYSTEMPATH\CodeIgniter.php(933): App\Controllers\Penjualan->index()
 7 SYSTEMPATH\CodeIgniter.php(507): CodeIgniter\CodeIgniter->runController(Object(App\Controllers\Penjualan))
 8 SYSTEMPATH\CodeIgniter.php(354): CodeIgniter\CodeIgniter->handleRequest(null, Object(Config\Cache), false)
 9 SYSTEMPATH\Boot.php(334): CodeIgniter\CodeIgniter->run()
10 SYSTEMPATH\Boot.php(67): CodeIgniter\Boot::runCodeIgniter(Object(CodeIgniter\CodeIgniter))
11 FCPATH\index.php(59): CodeIgniter\Boot::bootWeb(Object(Config\Paths))
12 SYSTEMPATH\rewrite.php(44): require_once('G:\\My Drive\\showroom\\public\\index.php')
CRITICAL - 2025-06-28 14:17:07 --> ErrorException: Undefined property: stdClass::$id_penjualan
[Method: GET, Route: penjualan]
in APPPATH\Views\penjualan\v_penjualan.php on line 79.
 1 APPPATH\Views\penjualan\v_penjualan.php(79): CodeIgniter\Debug\Exceptions->errorHandler(2, 'Undefined property: stdClass::$id_penjualan', 'G:\\My Drive\\showroom\\app\\Views\\penjualan\\v_penjualan.php', 79)
 2 SYSTEMPATH\View\View.php(224): include('G:\\My Drive\\showroom\\app\\Views\\penjualan\\v_penjualan.php')
 3 SYSTEMPATH\View\View.php(227): CodeIgniter\View\View->CodeIgniter\View\{closure}()
 4 SYSTEMPATH\Common.php(1173): CodeIgniter\View\View->render('penjualan/v_penjualan', [], true)
 5 APPPATH\Controllers\Penjualan.php(44): view('penjualan/v_penjualan', [...])
 6 SYSTEMPATH\CodeIgniter.php(933): App\Controllers\Penjualan->index()
 7 SYSTEMPATH\CodeIgniter.php(507): CodeIgniter\CodeIgniter->runController(Object(App\Controllers\Penjualan))
 8 SYSTEMPATH\CodeIgniter.php(354): CodeIgniter\CodeIgniter->handleRequest(null, Object(Config\Cache), false)
 9 SYSTEMPATH\Boot.php(334): CodeIgniter\CodeIgniter->run()
10 SYSTEMPATH\Boot.php(67): CodeIgniter\Boot::runCodeIgniter(Object(CodeIgniter\CodeIgniter))
11 FCPATH\index.php(59): CodeIgniter\Boot::bootWeb(Object(Config\Paths))
12 SYSTEMPATH\rewrite.php(44): require_once('G:\\My Drive\\showroom\\public\\index.php')
CRITICAL - 2025-06-28 14:17:30 --> ErrorException: Undefined property: stdClass::$id_penjualan
[Method: GET, Route: penjualan]
in APPPATH\Views\penjualan\v_penjualan.php on line 79.
 1 APPPATH\Views\penjualan\v_penjualan.php(79): CodeIgniter\Debug\Exceptions->errorHandler(2, 'Undefined property: stdClass::$id_penjualan', 'G:\\My Drive\\showroom\\app\\Views\\penjualan\\v_penjualan.php', 79)
 2 SYSTEMPATH\View\View.php(224): include('G:\\My Drive\\showroom\\app\\Views\\penjualan\\v_penjualan.php')
 3 SYSTEMPATH\View\View.php(227): CodeIgniter\View\View->CodeIgniter\View\{closure}()
 4 SYSTEMPATH\Common.php(1173): CodeIgniter\View\View->render('penjualan/v_penjualan', [], true)
 5 APPPATH\Controllers\Penjualan.php(44): view('penjualan/v_penjualan', [...])
 6 SYSTEMPATH\CodeIgniter.php(933): App\Controllers\Penjualan->index()
 7 SYSTEMPATH\CodeIgniter.php(507): CodeIgniter\CodeIgniter->runController(Object(App\Controllers\Penjualan))
 8 SYSTEMPATH\CodeIgniter.php(354): CodeIgniter\CodeIgniter->handleRequest(null, Object(Config\Cache), false)
 9 SYSTEMPATH\Boot.php(334): CodeIgniter\CodeIgniter->run()
10 SYSTEMPATH\Boot.php(67): CodeIgniter\Boot::runCodeIgniter(Object(CodeIgniter\CodeIgniter))
11 FCPATH\index.php(59): CodeIgniter\Boot::bootWeb(Object(Config\Paths))
12 SYSTEMPATH\rewrite.php(44): require_once('G:\\My Drive\\showroom\\public\\index.php')
CRITICAL - 2025-06-28 14:18:59 --> ErrorException: Undefined variable $penjualan
[Method: GET, Route: penjualan]
in APPPATH\Controllers\Penjualan.php on line 42.
 1 APPPATH\Controllers\Penjualan.php(42): CodeIgniter\Debug\Exceptions->errorHandler(2, 'Undefined variable $penjualan', 'G:\\My Drive\\showroom\\app\\Controllers\\Penjualan.php', 42)
 2 SYSTEMPATH\CodeIgniter.php(933): App\Controllers\Penjualan->index()
 3 SYSTEMPATH\CodeIgniter.php(507): CodeIgniter\CodeIgniter->runController(Object(App\Controllers\Penjualan))
 4 SYSTEMPATH\CodeIgniter.php(354): CodeIgniter\CodeIgniter->handleRequest(null, Object(Config\Cache), false)
 5 SYSTEMPATH\Boot.php(334): CodeIgniter\CodeIgniter->run()
 6 SYSTEMPATH\Boot.php(67): CodeIgniter\Boot::runCodeIgniter(Object(CodeIgniter\CodeIgniter))
 7 FCPATH\index.php(59): CodeIgniter\Boot::bootWeb(Object(Config\Paths))
 8 SYSTEMPATH\rewrite.php(44): require_once('G:\\My Drive\\showroom\\public\\index.php')
CRITICAL - 2025-06-28 14:25:29 --> ErrorException: Attempt to read property "id_mobil" on array
[Method: GET, Route: penjualan/delete_penjualan/2]
in APPPATH\Controllers\Penjualan.php on line 224.
 1 APPPATH\Controllers\Penjualan.php(224): CodeIgniter\Debug\Exceptions->errorHandler(2, 'Attempt to read property "id_mobil" on array', 'G:\\My Drive\\showroom\\app\\Controllers\\Penjualan.php', 224)
 2 SYSTEMPATH\CodeIgniter.php(933): App\Controllers\Penjualan->delete_penjualan('2')
 3 SYSTEMPATH\CodeIgniter.php(507): CodeIgniter\CodeIgniter->runController(Object(App\Controllers\Penjualan))
 4 SYSTEMPATH\CodeIgniter.php(354): CodeIgniter\CodeIgniter->handleRequest(null, Object(Config\Cache), false)
 5 SYSTEMPATH\Boot.php(334): CodeIgniter\CodeIgniter->run()
 6 SYSTEMPATH\Boot.php(67): CodeIgniter\Boot::runCodeIgniter(Object(CodeIgniter\CodeIgniter))
 7 FCPATH\index.php(59): CodeIgniter\Boot::bootWeb(Object(Config\Paths))
 8 SYSTEMPATH\rewrite.php(44): require_once('G:\\My Drive\\showroom\\public\\index.php')
CRITICAL - 2025-06-28 14:33:51 --> CodeIgniter\Database\Exceptions\DataException: There is no data to update.
[Method: GET, Route: penjualan/restore_penjualan/2]
in SYSTEMPATH\BaseModel.php on line 1014.
 1 SYSTEMPATH\BaseModel.php(1014): CodeIgniter\Database\Exceptions\DataException::forEmptyDataset('update')
 2 SYSTEMPATH\Model.php(863): CodeIgniter\BaseModel->update([...], [])
 3 APPPATH\Controllers\Penjualan.php(245): CodeIgniter\Model->update('2', [...])
 4 SYSTEMPATH\CodeIgniter.php(933): App\Controllers\Penjualan->restore_penjualan('2')
 5 SYSTEMPATH\CodeIgniter.php(507): CodeIgniter\CodeIgniter->runController(Object(App\Controllers\Penjualan))
 6 SYSTEMPATH\CodeIgniter.php(354): CodeIgniter\CodeIgniter->handleRequest(null, Object(Config\Cache), false)
 7 SYSTEMPATH\Boot.php(334): CodeIgniter\CodeIgniter->run()
 8 SYSTEMPATH\Boot.php(67): CodeIgniter\Boot::runCodeIgniter(Object(CodeIgniter\CodeIgniter))
 9 FCPATH\index.php(59): CodeIgniter\Boot::bootWeb(Object(Config\Paths))
10 SYSTEMPATH\rewrite.php(44): require_once('G:\\My Drive\\showroom\\public\\index.php')
ERROR - 2025-06-28 14:36:32 --> mysqli_sql_exception: MySQL server has gone away in G:\My Drive\showroom\system\Database\MySQLi\Connection.php:327
Stack trace:
#0 G:\My Drive\showroom\system\Database\MySQLi\Connection.php(327): mysqli->query('SELECT `penjual...', 0)
#1 G:\My Drive\showroom\system\Database\BaseConnection.php(738): CodeIgniter\Database\MySQLi\Connection->execute('SELECT `penjual...')
#2 G:\My Drive\showroom\system\Database\BaseConnection.php(652): CodeIgniter\Database\BaseConnection->simpleQuery('SELECT `penjual...')
#3 G:\My Drive\showroom\system\Database\BaseBuilder.php(1649): CodeIgniter\Database\BaseConnection->query('SELECT `penjual...', Array, false)
#4 G:\My Drive\showroom\app\Models\M_penjualan.php(38): CodeIgniter\Database\BaseBuilder->get()
#5 G:\My Drive\showroom\app\Controllers\Penjualan.php(195): App\Models\M_penjualan->getDeletedpenjualan()
#6 G:\My Drive\showroom\system\CodeIgniter.php(933): App\Controllers\Penjualan->dihapus_penjualan()
#7 G:\My Drive\showroom\system\CodeIgniter.php(507): CodeIgniter\CodeIgniter->runController(Object(App\Controllers\Penjualan))
#8 G:\My Drive\showroom\system\CodeIgniter.php(354): CodeIgniter\CodeIgniter->handleRequest(NULL, Object(Config\Cache), false)
#9 G:\My Drive\showroom\system\Boot.php(334): CodeIgniter\CodeIgniter->run()
#10 G:\My Drive\showroom\system\Boot.php(67): CodeIgniter\Boot::runCodeIgniter(Object(CodeIgniter\CodeIgniter))
#11 G:\My Drive\showroom\public\index.php(59): CodeIgniter\Boot::bootWeb(Object(Config\Paths))
#12 G:\My Drive\showroom\system\rewrite.php(44): require_once('G:\\My Drive\\sho...')
#13 {main}
CRITICAL - 2025-06-28 14:36:32 --> CodeIgniter\Database\Exceptions\DatabaseException: MySQL server has gone away
[Method: GET, Route: penjualan/dihapus_penjualan]
in SYSTEMPATH\Database\BaseConnection.php on line 692.
 1 SYSTEMPATH\Database\BaseBuilder.php(1649): CodeIgniter\Database\BaseConnection->query('SELECT `penjualan`.*, `mobil`.`nama_mobil`, `mobil`.`kode_mobil`, `mobil`.`plat_mobil`, `pelanggan`.`nama_pelanggan`
FROM `penjualan`
JOIN `mobil` ON `mobil`.`id_mobil` = `penjualan`.`id_mobil`
JOIN `pelanggan` ON `pelanggan`.`id_pelanggan` = `penjualan`.`id_pelanggan`
WHERE `penjualan`.`status_delete` = :penjualan.status_delete:', [...], false)
 2 APPPATH\Models\M_penjualan.php(38): CodeIgniter\Database\BaseBuilder->get()
 3 APPPATH\Controllers\Penjualan.php(195): App\Models\M_penjualan->getDeletedpenjualan()
 4 SYSTEMPATH\CodeIgniter.php(933): App\Controllers\Penjualan->dihapus_penjualan()
 5 SYSTEMPATH\CodeIgniter.php(507): CodeIgniter\CodeIgniter->runController(Object(App\Controllers\Penjualan))
 6 SYSTEMPATH\CodeIgniter.php(354): CodeIgniter\CodeIgniter->handleRequest(null, Object(Config\Cache), false)
 7 SYSTEMPATH\Boot.php(334): CodeIgniter\CodeIgniter->run()
 8 SYSTEMPATH\Boot.php(67): CodeIgniter\Boot::runCodeIgniter(Object(CodeIgniter\CodeIgniter))
 9 FCPATH\index.php(59): CodeIgniter\Boot::bootWeb(Object(Config\Paths))
10 SYSTEMPATH\rewrite.php(44): require_once('G:\\My Drive\\showroom\\public\\index.php')
CRITICAL - 2025-06-28 14:36:32 --> [Caused by] CodeIgniter\Database\Exceptions\DatabaseException: MySQL server has gone away
in SYSTEMPATH\Database\MySQLi\Connection.php on line 332.
 1 SYSTEMPATH\Database\BaseConnection.php(738): CodeIgniter\Database\MySQLi\Connection->execute('SELECT `penjualan`.*, `mobil`.`nama_mobil`, `mobil`.`kode_mobil`, `mobil`.`plat_mobil`, `pelanggan`.`nama_pelanggan`
FROM `penjualan`
JOIN `mobil` ON `mobil`.`id_mobil` = `penjualan`.`id_mobil`
JOIN `pelanggan` ON `pelanggan`.`id_pelanggan` = `penjualan`.`id_pelanggan`
WHERE `penjualan`.`status_delete` = 1')
 2 SYSTEMPATH\Database\BaseConnection.php(652): CodeIgniter\Database\BaseConnection->simpleQuery('SELECT `penjualan`.*, `mobil`.`nama_mobil`, `mobil`.`kode_mobil`, `mobil`.`plat_mobil`, `pelanggan`.`nama_pelanggan`
FROM `penjualan`
JOIN `mobil` ON `mobil`.`id_mobil` = `penjualan`.`id_mobil`
JOIN `pelanggan` ON `pelanggan`.`id_pelanggan` = `penjualan`.`id_pelanggan`
WHERE `penjualan`.`status_delete` = 1')
 3 SYSTEMPATH\Database\BaseBuilder.php(1649): CodeIgniter\Database\BaseConnection->query('SELECT `penjualan`.*, `mobil`.`nama_mobil`, `mobil`.`kode_mobil`, `mobil`.`plat_mobil`, `pelanggan`.`nama_pelanggan`
FROM `penjualan`
JOIN `mobil` ON `mobil`.`id_mobil` = `penjualan`.`id_mobil`
JOIN `pelanggan` ON `pelanggan`.`id_pelanggan` = `penjualan`.`id_pelanggan`
WHERE `penjualan`.`status_delete` = :penjualan.status_delete:', [...], false)
 4 APPPATH\Models\M_penjualan.php(38): CodeIgniter\Database\BaseBuilder->get()
 5 APPPATH\Controllers\Penjualan.php(195): App\Models\M_penjualan->getDeletedpenjualan()
 6 SYSTEMPATH\CodeIgniter.php(933): App\Controllers\Penjualan->dihapus_penjualan()
 7 SYSTEMPATH\CodeIgniter.php(507): CodeIgniter\CodeIgniter->runController(Object(App\Controllers\Penjualan))
 8 SYSTEMPATH\CodeIgniter.php(354): CodeIgniter\CodeIgniter->handleRequest(null, Object(Config\Cache), false)
 9 SYSTEMPATH\Boot.php(334): CodeIgniter\CodeIgniter->run()
10 SYSTEMPATH\Boot.php(67): CodeIgniter\Boot::runCodeIgniter(Object(CodeIgniter\CodeIgniter))
11 FCPATH\index.php(59): CodeIgniter\Boot::bootWeb(Object(Config\Paths))
12 SYSTEMPATH\rewrite.php(44): require_once('G:\\My Drive\\showroom\\public\\index.php')
CRITICAL - 2025-06-28 14:36:32 --> [Caused by] mysqli_sql_exception: MySQL server has gone away
in SYSTEMPATH\Database\MySQLi\Connection.php on line 327.
 1 SYSTEMPATH\Database\MySQLi\Connection.php(327): mysqli->query('SELECT `penjualan`.*, `mobil`.`nama_mobil`, `mobil`.`kode_mobil`, `mobil`.`plat_mobil`, `pelanggan`.`nama_pelanggan`
FROM `penjualan`
JOIN `mobil` ON `mobil`.`id_mobil` = `penjualan`.`id_mobil`
JOIN `pelanggan` ON `pelanggan`.`id_pelanggan` = `penjualan`.`id_pelanggan`
WHERE `penjualan`.`status_delete` = 1', 0)
 2 SYSTEMPATH\Database\BaseConnection.php(738): CodeIgniter\Database\MySQLi\Connection->execute('SELECT `penjualan`.*, `mobil`.`nama_mobil`, `mobil`.`kode_mobil`, `mobil`.`plat_mobil`, `pelanggan`.`nama_pelanggan`
FROM `penjualan`
JOIN `mobil` ON `mobil`.`id_mobil` = `penjualan`.`id_mobil`
JOIN `pelanggan` ON `pelanggan`.`id_pelanggan` = `penjualan`.`id_pelanggan`
WHERE `penjualan`.`status_delete` = 1')
 3 SYSTEMPATH\Database\BaseConnection.php(652): CodeIgniter\Database\BaseConnection->simpleQuery('SELECT `penjualan`.*, `mobil`.`nama_mobil`, `mobil`.`kode_mobil`, `mobil`.`plat_mobil`, `pelanggan`.`nama_pelanggan`
FROM `penjualan`
JOIN `mobil` ON `mobil`.`id_mobil` = `penjualan`.`id_mobil`
JOIN `pelanggan` ON `pelanggan`.`id_pelanggan` = `penjualan`.`id_pelanggan`
WHERE `penjualan`.`status_delete` = 1')
 4 SYSTEMPATH\Database\BaseBuilder.php(1649): CodeIgniter\Database\BaseConnection->query('SELECT `penjualan`.*, `mobil`.`nama_mobil`, `mobil`.`kode_mobil`, `mobil`.`plat_mobil`, `pelanggan`.`nama_pelanggan`
FROM `penjualan`
JOIN `mobil` ON `mobil`.`id_mobil` = `penjualan`.`id_mobil`
JOIN `pelanggan` ON `pelanggan`.`id_pelanggan` = `penjualan`.`id_pelanggan`
WHERE `penjualan`.`status_delete` = :penjualan.status_delete:', [...], false)
 5 APPPATH\Models\M_penjualan.php(38): CodeIgniter\Database\BaseBuilder->get()
 6 APPPATH\Controllers\Penjualan.php(195): App\Models\M_penjualan->getDeletedpenjualan()
 7 SYSTEMPATH\CodeIgniter.php(933): App\Controllers\Penjualan->dihapus_penjualan()
 8 SYSTEMPATH\CodeIgniter.php(507): CodeIgniter\CodeIgniter->runController(Object(App\Controllers\Penjualan))
 9 SYSTEMPATH\CodeIgniter.php(354): CodeIgniter\CodeIgniter->handleRequest(null, Object(Config\Cache), false)
10 SYSTEMPATH\Boot.php(334): CodeIgniter\CodeIgniter->run()
11 SYSTEMPATH\Boot.php(67): CodeIgniter\Boot::runCodeIgniter(Object(CodeIgniter\CodeIgniter))
12 FCPATH\index.php(59): CodeIgniter\Boot::bootWeb(Object(Config\Paths))
13 SYSTEMPATH\rewrite.php(44): require_once('G:\\My Drive\\showroom\\public\\index.php')
