CRITICAL - 2025-06-25 01:30:02 --> ErrorException: Undefined variable $data
[Method: GET, Route: /]
in APPPATH\Views\dashboard2.php on line 7.
 1 APPPATH\Views\dashboard2.php(7): CodeIgniter\Debug\Exceptions->errorHandler(2, 'Undefined variable $data', 'H:\\My Drive\\showroom\\app\\Views\\dashboard2.php', 7)
 2 SYSTEMPATH\View\View.php(224): include('H:\\My Drive\\showroom\\app\\Views\\dashboard2.php')
 3 SYSTEMPATH\View\View.php(227): CodeIgniter\View\View->CodeIgniter\View\{closure}()
 4 SYSTEMPATH\Common.php(1173): CodeIgniter\View\View->render('dashboard2', [], true)
 5 APPPATH\Controllers\Home.php(18): view('dashboard2', [...])
 6 SYSTEMPATH\CodeIgniter.php(933): App\Controllers\Home->index()
 7 SYSTEMPATH\CodeIgniter.php(507): CodeIgniter\CodeIgniter->runController(Object(App\Controllers\Home))
 8 SYSTEMPATH\CodeIgniter.php(354): CodeIgniter\CodeIgniter->handleRequest(null, Object(Config\Cache), false)
 9 SYSTEMPATH\Boot.php(334): CodeIgniter\CodeIgniter->run()
10 SYSTEMPATH\Boot.php(67): CodeIgniter\Boot::runCodeIgniter(Object(CodeIgniter\CodeIgniter))
11 FCPATH\index.php(59): CodeIgniter\Boot::bootWeb(Object(Config\Paths))
12 SYSTEMPATH\rewrite.php(44): require_once('H:\\My Drive\\showroom\\public\\index.php')
CRITICAL - 2025-06-25 01:30:17 --> ErrorException: Undefined variable $data
[Method: GET, Route: /]
in APPPATH\Views\dashboard2.php on line 7.
 1 APPPATH\Views\dashboard2.php(7): CodeIgniter\Debug\Exceptions->errorHandler(2, 'Undefined variable $data', 'H:\\My Drive\\showroom\\app\\Views\\dashboard2.php', 7)
 2 SYSTEMPATH\View\View.php(224): include('H:\\My Drive\\showroom\\app\\Views\\dashboard2.php')
 3 SYSTEMPATH\View\View.php(227): CodeIgniter\View\View->CodeIgniter\View\{closure}()
 4 SYSTEMPATH\Common.php(1173): CodeIgniter\View\View->render('dashboard2', [], true)
 5 APPPATH\Controllers\Home.php(18): view('dashboard2', [...])
 6 SYSTEMPATH\CodeIgniter.php(933): App\Controllers\Home->index()
 7 SYSTEMPATH\CodeIgniter.php(507): CodeIgniter\CodeIgniter->runController(Object(App\Controllers\Home))
 8 SYSTEMPATH\CodeIgniter.php(354): CodeIgniter\CodeIgniter->handleRequest(null, Object(Config\Cache), false)
 9 SYSTEMPATH\Boot.php(334): CodeIgniter\CodeIgniter->run()
10 SYSTEMPATH\Boot.php(67): CodeIgniter\Boot::runCodeIgniter(Object(CodeIgniter\CodeIgniter))
11 FCPATH\index.php(59): CodeIgniter\Boot::bootWeb(Object(Config\Paths))
12 SYSTEMPATH\rewrite.php(44): require_once('H:\\My Drive\\showroom\\public\\index.php')
CRITICAL - 2025-06-25 02:12:51 --> ErrorException: Undefined variable $a
[Method: GET, Route: mobil]
in APPPATH\Views\data\v_mobil.php on line 60.
 1 APPPATH\Views\data\v_mobil.php(60): CodeIgniter\Debug\Exceptions->errorHandler(2, 'Undefined variable $a', 'G:\\My Drive\\showroom\\app\\Views\\data\\v_mobil.php', 60)
 2 SYSTEMPATH\View\View.php(224): include('G:\\My Drive\\showroom\\app\\Views\\data\\v_mobil.php')
 3 SYSTEMPATH\View\View.php(227): CodeIgniter\View\View->CodeIgniter\View\{closure}()
 4 SYSTEMPATH\Common.php(1173): CodeIgniter\View\View->render('data/v_mobil', [], true)
 5 APPPATH\Controllers\Mobil.php(16): view('data/v_mobil')
 6 SYSTEMPATH\CodeIgniter.php(933): App\Controllers\Mobil->index()
 7 SYSTEMPATH\CodeIgniter.php(507): CodeIgniter\CodeIgniter->runController(Object(App\Controllers\Mobil))
 8 SYSTEMPATH\CodeIgniter.php(354): CodeIgniter\CodeIgniter->handleRequest(null, Object(Config\Cache), false)
 9 SYSTEMPATH\Boot.php(334): CodeIgniter\CodeIgniter->run()
10 SYSTEMPATH\Boot.php(67): CodeIgniter\Boot::runCodeIgniter(Object(CodeIgniter\CodeIgniter))
11 FCPATH\index.php(59): CodeIgniter\Boot::bootWeb(Object(Config\Paths))
12 SYSTEMPATH\rewrite.php(44): require_once('G:\\My Drive\\showroom\\public\\index.php')
CRITICAL - 2025-06-25 02:13:11 --> ErrorException: Undefined variable $a
[Method: GET, Route: mobil]
in APPPATH\Views\data\v_mobil.php on line 60.
 1 APPPATH\Views\data\v_mobil.php(60): CodeIgniter\Debug\Exceptions->errorHandler(2, 'Undefined variable $a', 'G:\\My Drive\\showroom\\app\\Views\\data\\v_mobil.php', 60)
 2 SYSTEMPATH\View\View.php(224): include('G:\\My Drive\\showroom\\app\\Views\\data\\v_mobil.php')
 3 SYSTEMPATH\View\View.php(227): CodeIgniter\View\View->CodeIgniter\View\{closure}()
 4 SYSTEMPATH\Common.php(1173): CodeIgniter\View\View->render('data/v_mobil', [], true)
 5 APPPATH\Controllers\Mobil.php(16): view('data/v_mobil')
 6 SYSTEMPATH\CodeIgniter.php(933): App\Controllers\Mobil->index()
 7 SYSTEMPATH\CodeIgniter.php(507): CodeIgniter\CodeIgniter->runController(Object(App\Controllers\Mobil))
 8 SYSTEMPATH\CodeIgniter.php(354): CodeIgniter\CodeIgniter->handleRequest(null, Object(Config\Cache), false)
 9 SYSTEMPATH\Boot.php(334): CodeIgniter\CodeIgniter->run()
10 SYSTEMPATH\Boot.php(67): CodeIgniter\Boot::runCodeIgniter(Object(CodeIgniter\CodeIgniter))
11 FCPATH\index.php(59): CodeIgniter\Boot::bootWeb(Object(Config\Paths))
12 SYSTEMPATH\rewrite.php(44): require_once('G:\\My Drive\\showroom\\public\\index.php')
CRITICAL - 2025-06-25 02:13:20 --> ErrorException: Undefined variable $a
[Method: GET, Route: mobil]
in APPPATH\Views\data\v_mobil.php on line 60.
 1 APPPATH\Views\data\v_mobil.php(60): CodeIgniter\Debug\Exceptions->errorHandler(2, 'Undefined variable $a', 'G:\\My Drive\\showroom\\app\\Views\\data\\v_mobil.php', 60)
 2 SYSTEMPATH\View\View.php(224): include('G:\\My Drive\\showroom\\app\\Views\\data\\v_mobil.php')
 3 SYSTEMPATH\View\View.php(227): CodeIgniter\View\View->CodeIgniter\View\{closure}()
 4 SYSTEMPATH\Common.php(1173): CodeIgniter\View\View->render('data/v_mobil', [], true)
 5 APPPATH\Controllers\Mobil.php(16): view('data/v_mobil')
 6 SYSTEMPATH\CodeIgniter.php(933): App\Controllers\Mobil->index()
 7 SYSTEMPATH\CodeIgniter.php(507): CodeIgniter\CodeIgniter->runController(Object(App\Controllers\Mobil))
 8 SYSTEMPATH\CodeIgniter.php(354): CodeIgniter\CodeIgniter->handleRequest(null, Object(Config\Cache), false)
 9 SYSTEMPATH\Boot.php(334): CodeIgniter\CodeIgniter->run()
10 SYSTEMPATH\Boot.php(67): CodeIgniter\Boot::runCodeIgniter(Object(CodeIgniter\CodeIgniter))
11 FCPATH\index.php(59): CodeIgniter\Boot::bootWeb(Object(Config\Paths))
12 SYSTEMPATH\rewrite.php(44): require_once('G:\\My Drive\\showroom\\public\\index.php')
ERROR - 2025-06-25 02:45:26 --> Error connecting to the database: mysqli_sql_exception: Access denied for user ''@'localhost' (using password: NO) in G:\My Drive\showroom\system\Database\MySQLi\Connection.php:201
Stack trace:
#0 G:\My Drive\showroom\system\Database\MySQLi\Connection.php(201): mysqli->real_connect('localhost', '', Object(SensitiveParameterValue), 'showroom', 3306, '', 0)
#1 G:\My Drive\showroom\system\Database\BaseConnection.php(421): CodeIgniter\Database\MySQLi\Connection->connect(false)
#2 G:\My Drive\showroom\system\Database\BaseConnection.php(620): CodeIgniter\Database\BaseConnection->initialize()
#3 G:\My Drive\showroom\system\Database\BaseBuilder.php(1649): CodeIgniter\Database\BaseConnection->query('SELECT *\nFROM `...', Array, false)
#4 G:\My Drive\showroom\system\Model.php(286): CodeIgniter\Database\BaseBuilder->get()
#5 G:\My Drive\showroom\system\BaseModel.php(679): CodeIgniter\Model->doFindAll(0, 0)
#6 G:\My Drive\showroom\app\Controllers\Mobil.php(13): CodeIgniter\BaseModel->findAll()
#7 G:\My Drive\showroom\system\CodeIgniter.php(933): App\Controllers\Mobil->index()
#8 G:\My Drive\showroom\system\CodeIgniter.php(507): CodeIgniter\CodeIgniter->runController(Object(App\Controllers\Mobil))
#9 G:\My Drive\showroom\system\CodeIgniter.php(354): CodeIgniter\CodeIgniter->handleRequest(NULL, Object(Config\Cache), false)
#10 G:\My Drive\showroom\system\Boot.php(334): CodeIgniter\CodeIgniter->run()
#11 G:\My Drive\showroom\system\Boot.php(67): CodeIgniter\Boot::runCodeIgniter(Object(CodeIgniter\CodeIgniter))
#12 G:\My Drive\showroom\public\index.php(59): CodeIgniter\Boot::bootWeb(Object(Config\Paths))
#13 G:\My Drive\showroom\system\rewrite.php(44): require_once('G:\\My Drive\\sho...')
#14 {main}

Next CodeIgniter\Database\Exceptions\DatabaseException: Access denied for user ''@'localhost' (using password: NO) in G:\My Drive\showroom\system\Database\MySQLi\Connection.php:246
Stack trace:
#0 G:\My Drive\showroom\system\Database\BaseConnection.php(421): CodeIgniter\Database\MySQLi\Connection->connect(false)
#1 G:\My Drive\showroom\system\Database\BaseConnection.php(620): CodeIgniter\Database\BaseConnection->initialize()
#2 G:\My Drive\showroom\system\Database\BaseBuilder.php(1649): CodeIgniter\Database\BaseConnection->query('SELECT *\nFROM `...', Array, false)
#3 G:\My Drive\showroom\system\Model.php(286): CodeIgniter\Database\BaseBuilder->get()
#4 G:\My Drive\showroom\system\BaseModel.php(679): CodeIgniter\Model->doFindAll(0, 0)
#5 G:\My Drive\showroom\app\Controllers\Mobil.php(13): CodeIgniter\BaseModel->findAll()
#6 G:\My Drive\showroom\system\CodeIgniter.php(933): App\Controllers\Mobil->index()
#7 G:\My Drive\showroom\system\CodeIgniter.php(507): CodeIgniter\CodeIgniter->runController(Object(App\Controllers\Mobil))
#8 G:\My Drive\showroom\system\CodeIgniter.php(354): CodeIgniter\CodeIgniter->handleRequest(NULL, Object(Config\Cache), false)
#9 G:\My Drive\showroom\system\Boot.php(334): CodeIgniter\CodeIgniter->run()
#10 G:\My Drive\showroom\system\Boot.php(67): CodeIgniter\Boot::runCodeIgniter(Object(CodeIgniter\CodeIgniter))
#11 G:\My Drive\showroom\public\index.php(59): CodeIgniter\Boot::bootWeb(Object(Config\Paths))
#12 G:\My Drive\showroom\system\rewrite.php(44): require_once('G:\\My Drive\\sho...')
#13 {main}
CRITICAL - 2025-06-25 02:45:26 --> CodeIgniter\Database\Exceptions\DatabaseException: Unable to connect to the database.
Main connection [MySQLi]: Access denied for user ''@'localhost' (using password: NO)
[Method: GET, Route: mobil]
in SYSTEMPATH\Database\BaseConnection.php on line 467.
 1 SYSTEMPATH\Database\BaseConnection.php(620): CodeIgniter\Database\BaseConnection->initialize()
 2 SYSTEMPATH\Database\BaseBuilder.php(1649): CodeIgniter\Database\BaseConnection->query('SELECT *
FROM `mobil`', [], false)
 3 SYSTEMPATH\Model.php(286): CodeIgniter\Database\BaseBuilder->get()
 4 SYSTEMPATH\BaseModel.php(679): CodeIgniter\Model->doFindAll(0, 0)
 5 APPPATH\Controllers\Mobil.php(13): CodeIgniter\BaseModel->findAll()
 6 SYSTEMPATH\CodeIgniter.php(933): App\Controllers\Mobil->index()
 7 SYSTEMPATH\CodeIgniter.php(507): CodeIgniter\CodeIgniter->runController(Object(App\Controllers\Mobil))
 8 SYSTEMPATH\CodeIgniter.php(354): CodeIgniter\CodeIgniter->handleRequest(null, Object(Config\Cache), false)
 9 SYSTEMPATH\Boot.php(334): CodeIgniter\CodeIgniter->run()
10 SYSTEMPATH\Boot.php(67): CodeIgniter\Boot::runCodeIgniter(Object(CodeIgniter\CodeIgniter))
11 FCPATH\index.php(59): CodeIgniter\Boot::bootWeb(Object(Config\Paths))
12 SYSTEMPATH\rewrite.php(44): require_once('G:\\My Drive\\showroom\\public\\index.php')
ERROR - 2025-06-25 03:00:59 --> Error connecting to the database: mysqli_sql_exception: No connection could be made because the target machine actively refused it in H:\My Drive\showroom\system\Database\MySQLi\Connection.php:201
Stack trace:
#0 H:\My Drive\showroom\system\Database\MySQLi\Connection.php(201): mysqli->real_connect('localhost', 'root', Object(SensitiveParameterValue), 'showroom', 3306, '', 0)
#1 H:\My Drive\showroom\system\Database\BaseConnection.php(421): CodeIgniter\Database\MySQLi\Connection->connect(false)
#2 H:\My Drive\showroom\system\Database\BaseConnection.php(620): CodeIgniter\Database\BaseConnection->initialize()
#3 H:\My Drive\showroom\system\Database\BaseBuilder.php(1649): CodeIgniter\Database\BaseConnection->query('SELECT *\nFROM `...', Array, false)
#4 H:\My Drive\showroom\system\Model.php(286): CodeIgniter\Database\BaseBuilder->get()
#5 H:\My Drive\showroom\system\BaseModel.php(679): CodeIgniter\Model->doFindAll(0, 0)
#6 H:\My Drive\showroom\app\Controllers\Mobil.php(13): CodeIgniter\BaseModel->findAll()
#7 H:\My Drive\showroom\system\CodeIgniter.php(933): App\Controllers\Mobil->index()
#8 H:\My Drive\showroom\system\CodeIgniter.php(507): CodeIgniter\CodeIgniter->runController(Object(App\Controllers\Mobil))
#9 H:\My Drive\showroom\system\CodeIgniter.php(354): CodeIgniter\CodeIgniter->handleRequest(NULL, Object(Config\Cache), false)
#10 H:\My Drive\showroom\system\Boot.php(334): CodeIgniter\CodeIgniter->run()
#11 H:\My Drive\showroom\system\Boot.php(67): CodeIgniter\Boot::runCodeIgniter(Object(CodeIgniter\CodeIgniter))
#12 H:\My Drive\showroom\public\index.php(59): CodeIgniter\Boot::bootWeb(Object(Config\Paths))
#13 H:\My Drive\showroom\system\rewrite.php(44): require_once('H:\\My Drive\\sho...')
#14 {main}

Next CodeIgniter\Database\Exceptions\DatabaseException: No connection could be made because the target machine actively refused it in H:\My Drive\showroom\system\Database\MySQLi\Connection.php:246
Stack trace:
#0 H:\My Drive\showroom\system\Database\BaseConnection.php(421): CodeIgniter\Database\MySQLi\Connection->connect(false)
#1 H:\My Drive\showroom\system\Database\BaseConnection.php(620): CodeIgniter\Database\BaseConnection->initialize()
#2 H:\My Drive\showroom\system\Database\BaseBuilder.php(1649): CodeIgniter\Database\BaseConnection->query('SELECT *\nFROM `...', Array, false)
#3 H:\My Drive\showroom\system\Model.php(286): CodeIgniter\Database\BaseBuilder->get()
#4 H:\My Drive\showroom\system\BaseModel.php(679): CodeIgniter\Model->doFindAll(0, 0)
#5 H:\My Drive\showroom\app\Controllers\Mobil.php(13): CodeIgniter\BaseModel->findAll()
#6 H:\My Drive\showroom\system\CodeIgniter.php(933): App\Controllers\Mobil->index()
#7 H:\My Drive\showroom\system\CodeIgniter.php(507): CodeIgniter\CodeIgniter->runController(Object(App\Controllers\Mobil))
#8 H:\My Drive\showroom\system\CodeIgniter.php(354): CodeIgniter\CodeIgniter->handleRequest(NULL, Object(Config\Cache), false)
#9 H:\My Drive\showroom\system\Boot.php(334): CodeIgniter\CodeIgniter->run()
#10 H:\My Drive\showroom\system\Boot.php(67): CodeIgniter\Boot::runCodeIgniter(Object(CodeIgniter\CodeIgniter))
#11 H:\My Drive\showroom\public\index.php(59): CodeIgniter\Boot::bootWeb(Object(Config\Paths))
#12 H:\My Drive\showroom\system\rewrite.php(44): require_once('H:\\My Drive\\sho...')
#13 {main}
CRITICAL - 2025-06-25 03:01:00 --> CodeIgniter\Database\Exceptions\DatabaseException: Unable to connect to the database.
Main connection [MySQLi]: No connection could be made because the target machine actively refused it
[Method: GET, Route: mobil]
in SYSTEMPATH\Database\BaseConnection.php on line 467.
 1 SYSTEMPATH\Database\BaseConnection.php(620): CodeIgniter\Database\BaseConnection->initialize()
 2 SYSTEMPATH\Database\BaseBuilder.php(1649): CodeIgniter\Database\BaseConnection->query('SELECT *
FROM `mobil`', [], false)
 3 SYSTEMPATH\Model.php(286): CodeIgniter\Database\BaseBuilder->get()
 4 SYSTEMPATH\BaseModel.php(679): CodeIgniter\Model->doFindAll(0, 0)
 5 APPPATH\Controllers\Mobil.php(13): CodeIgniter\BaseModel->findAll()
 6 SYSTEMPATH\CodeIgniter.php(933): App\Controllers\Mobil->index()
 7 SYSTEMPATH\CodeIgniter.php(507): CodeIgniter\CodeIgniter->runController(Object(App\Controllers\Mobil))
 8 SYSTEMPATH\CodeIgniter.php(354): CodeIgniter\CodeIgniter->handleRequest(null, Object(Config\Cache), false)
 9 SYSTEMPATH\Boot.php(334): CodeIgniter\CodeIgniter->run()
10 SYSTEMPATH\Boot.php(67): CodeIgniter\Boot::runCodeIgniter(Object(CodeIgniter\CodeIgniter))
11 FCPATH\index.php(59): CodeIgniter\Boot::bootWeb(Object(Config\Paths))
12 SYSTEMPATH\rewrite.php(44): require_once('H:\\My Drive\\showroom\\public\\index.php')
CRITICAL - 2025-06-25 03:20:21 --> ErrorException: Attempt to read property "foto_mobil" on array
[Method: GET, Route: mobil]
in APPPATH\Views\data\v_mobil.php on line 64.
 1 APPPATH\Views\data\v_mobil.php(64): CodeIgniter\Debug\Exceptions->errorHandler(2, 'Attempt to read property "foto_mobil" on array', 'G:\\My Drive\\showroom\\app\\Views\\data\\v_mobil.php', 64)
 2 SYSTEMPATH\View\View.php(224): include('G:\\My Drive\\showroom\\app\\Views\\data\\v_mobil.php')
 3 SYSTEMPATH\View\View.php(227): CodeIgniter\View\View->CodeIgniter\View\{closure}()
 4 SYSTEMPATH\Common.php(1173): CodeIgniter\View\View->render('data/v_mobil', [], true)
 5 APPPATH\Controllers\Mobil.php(18): view('data/v_mobil', [...])
 6 SYSTEMPATH\CodeIgniter.php(933): App\Controllers\Mobil->index()
 7 SYSTEMPATH\CodeIgniter.php(507): CodeIgniter\CodeIgniter->runController(Object(App\Controllers\Mobil))
 8 SYSTEMPATH\CodeIgniter.php(354): CodeIgniter\CodeIgniter->handleRequest(null, Object(Config\Cache), false)
 9 SYSTEMPATH\Boot.php(334): CodeIgniter\CodeIgniter->run()
10 SYSTEMPATH\Boot.php(67): CodeIgniter\Boot::runCodeIgniter(Object(CodeIgniter\CodeIgniter))
11 FCPATH\index.php(59): CodeIgniter\Boot::bootWeb(Object(Config\Paths))
12 SYSTEMPATH\rewrite.php(44): require_once('G:\\My Drive\\showroom\\public\\index.php')
CRITICAL - 2025-06-25 05:49:36 --> Error: Class "App\Models\M_Penjualan" not found
[Method: GET, Route: penjualan]
in APPPATH\Controllers\Penjualan.php on line 10.
 1 SYSTEMPATH\CodeIgniter.php(933): App\Controllers\Penjualan->index()
 2 SYSTEMPATH\CodeIgniter.php(507): CodeIgniter\CodeIgniter->runController(Object(App\Controllers\Penjualan))
 3 SYSTEMPATH\CodeIgniter.php(354): CodeIgniter\CodeIgniter->handleRequest(null, Object(Config\Cache), false)
 4 SYSTEMPATH\Boot.php(334): CodeIgniter\CodeIgniter->run()
 5 SYSTEMPATH\Boot.php(67): CodeIgniter\Boot::runCodeIgniter(Object(CodeIgniter\CodeIgniter))
 6 FCPATH\index.php(59): CodeIgniter\Boot::bootWeb(Object(Config\Paths))
 7 SYSTEMPATH\rewrite.php(44): require_once('G:\\My Drive\\showroom\\public\\index.php')
CRITICAL - 2025-06-25 05:53:09 --> ErrorException: Undefined variable $penjualan
[Method: GET, Route: penjualan]
in APPPATH\Views\penjualan\v_penjualan.php on line 64.
 1 APPPATH\Views\penjualan\v_penjualan.php(64): CodeIgniter\Debug\Exceptions->errorHandler(2, 'Undefined variable $penjualan', 'G:\\My Drive\\showroom\\app\\Views\\penjualan\\v_penjualan.php', 64)
 2 SYSTEMPATH\View\View.php(224): include('G:\\My Drive\\showroom\\app\\Views\\penjualan\\v_penjualan.php')
 3 SYSTEMPATH\View\View.php(227): CodeIgniter\View\View->CodeIgniter\View\{closure}()
 4 SYSTEMPATH\Common.php(1173): CodeIgniter\View\View->render('penjualan/v_penjualan', [], true)
 5 APPPATH\Controllers\Penjualan.php(18): view('penjualan/v_penjualan', [...])
 6 SYSTEMPATH\CodeIgniter.php(933): App\Controllers\Penjualan->index()
 7 SYSTEMPATH\CodeIgniter.php(507): CodeIgniter\CodeIgniter->runController(Object(App\Controllers\Penjualan))
 8 SYSTEMPATH\CodeIgniter.php(354): CodeIgniter\CodeIgniter->handleRequest(null, Object(Config\Cache), false)
 9 SYSTEMPATH\Boot.php(334): CodeIgniter\CodeIgniter->run()
10 SYSTEMPATH\Boot.php(67): CodeIgniter\Boot::runCodeIgniter(Object(CodeIgniter\CodeIgniter))
11 FCPATH\index.php(59): CodeIgniter\Boot::bootWeb(Object(Config\Paths))
12 SYSTEMPATH\rewrite.php(44): require_once('G:\\My Drive\\showroom\\public\\index.php')
CRITICAL - 2025-06-25 06:15:26 --> ErrorException: Undefined variable $M_mobil
[Method: GET, Route: penjualan/tambah_penjualan/]
in APPPATH\Controllers\Penjualan.php on line 31.
 1 APPPATH\Controllers\Penjualan.php(31): CodeIgniter\Debug\Exceptions->errorHandler(2, 'Undefined variable $M_mobil', 'G:\\My Drive\\showroom\\app\\Controllers\\Penjualan.php', 31)
 2 SYSTEMPATH\CodeIgniter.php(933): App\Controllers\Penjualan->tambah_penjualan()
 3 SYSTEMPATH\CodeIgniter.php(507): CodeIgniter\CodeIgniter->runController(Object(App\Controllers\Penjualan))
 4 SYSTEMPATH\CodeIgniter.php(354): CodeIgniter\CodeIgniter->handleRequest(null, Object(Config\Cache), false)
 5 SYSTEMPATH\Boot.php(334): CodeIgniter\CodeIgniter->run()
 6 SYSTEMPATH\Boot.php(67): CodeIgniter\Boot::runCodeIgniter(Object(CodeIgniter\CodeIgniter))
 7 FCPATH\index.php(59): CodeIgniter\Boot::bootWeb(Object(Config\Paths))
 8 SYSTEMPATH\rewrite.php(44): require_once('G:\\My Drive\\showroom\\public\\index.php')
CRITICAL - 2025-06-25 06:44:17 --> CodeIgniter\View\Exceptions\ViewException: Invalid file: "katalog/index.php"
[Method: GET, Route: Katalog]
in SYSTEMPATH\Exceptions\FrameworkException.php on line 39.
 1 SYSTEMPATH\View\View.php(212): CodeIgniter\Exceptions\FrameworkException::forInvalidFile('katalog/index.php')
 2 SYSTEMPATH\Common.php(1173): CodeIgniter\View\View->render('katalog/index', [], true)
 3 APPPATH\Controllers\Katalog.php(14): view('katalog/index', [...])
 4 SYSTEMPATH\CodeIgniter.php(933): App\Controllers\Katalog->index()
 5 SYSTEMPATH\CodeIgniter.php(507): CodeIgniter\CodeIgniter->runController(Object(App\Controllers\Katalog))
 6 SYSTEMPATH\CodeIgniter.php(354): CodeIgniter\CodeIgniter->handleRequest(null, Object(Config\Cache), false)
 7 SYSTEMPATH\Boot.php(334): CodeIgniter\CodeIgniter->run()
 8 SYSTEMPATH\Boot.php(67): CodeIgniter\Boot::runCodeIgniter(Object(CodeIgniter\CodeIgniter))
 9 FCPATH\index.php(59): CodeIgniter\Boot::bootWeb(Object(Config\Paths))
10 SYSTEMPATH\rewrite.php(44): require_once('H:\\My Drive\\showroom\\public\\index.php')
CRITICAL - 2025-06-25 07:06:46 --> ErrorException: Undefined variable $M_mobil
[Method: GET, Route: penjualan/tambah_penjualan/]
in APPPATH\Controllers\Penjualan.php on line 31.
 1 APPPATH\Controllers\Penjualan.php(31): CodeIgniter\Debug\Exceptions->errorHandler(2, 'Undefined variable $M_mobil', 'G:\\My Drive\\showroom\\app\\Controllers\\Penjualan.php', 31)
 2 SYSTEMPATH\CodeIgniter.php(933): App\Controllers\Penjualan->tambah_penjualan()
 3 SYSTEMPATH\CodeIgniter.php(507): CodeIgniter\CodeIgniter->runController(Object(App\Controllers\Penjualan))
 4 SYSTEMPATH\CodeIgniter.php(354): CodeIgniter\CodeIgniter->handleRequest(null, Object(Config\Cache), false)
 5 SYSTEMPATH\Boot.php(334): CodeIgniter\CodeIgniter->run()
 6 SYSTEMPATH\Boot.php(67): CodeIgniter\Boot::runCodeIgniter(Object(CodeIgniter\CodeIgniter))
 7 FCPATH\index.php(59): CodeIgniter\Boot::bootWeb(Object(Config\Paths))
 8 SYSTEMPATH\rewrite.php(44): require_once('G:\\My Drive\\showroom\\public\\index.php')
CRITICAL - 2025-06-25 07:07:28 --> ErrorException: Undefined variable $M_mobil
[Method: GET, Route: penjualan/tambah_penjualan/]
in APPPATH\Controllers\Penjualan.php on line 31.
 1 APPPATH\Controllers\Penjualan.php(31): CodeIgniter\Debug\Exceptions->errorHandler(2, 'Undefined variable $M_mobil', 'G:\\My Drive\\showroom\\app\\Controllers\\Penjualan.php', 31)
 2 SYSTEMPATH\CodeIgniter.php(933): App\Controllers\Penjualan->tambah_penjualan()
 3 SYSTEMPATH\CodeIgniter.php(507): CodeIgniter\CodeIgniter->runController(Object(App\Controllers\Penjualan))
 4 SYSTEMPATH\CodeIgniter.php(354): CodeIgniter\CodeIgniter->handleRequest(null, Object(Config\Cache), false)
 5 SYSTEMPATH\Boot.php(334): CodeIgniter\CodeIgniter->run()
 6 SYSTEMPATH\Boot.php(67): CodeIgniter\Boot::runCodeIgniter(Object(CodeIgniter\CodeIgniter))
 7 FCPATH\index.php(59): CodeIgniter\Boot::bootWeb(Object(Config\Paths))
 8 SYSTEMPATH\rewrite.php(44): require_once('G:\\My Drive\\showroom\\public\\index.php')
CRITICAL - 2025-06-25 07:09:42 --> ErrorException: Undefined variable $M_mobil
[Method: GET, Route: penjualan/tambah_penjualan/]
in APPPATH\Controllers\Penjualan.php on line 31.
 1 APPPATH\Controllers\Penjualan.php(31): CodeIgniter\Debug\Exceptions->errorHandler(2, 'Undefined variable $M_mobil', 'G:\\My Drive\\showroom\\app\\Controllers\\Penjualan.php', 31)
 2 SYSTEMPATH\CodeIgniter.php(933): App\Controllers\Penjualan->tambah_penjualan()
 3 SYSTEMPATH\CodeIgniter.php(507): CodeIgniter\CodeIgniter->runController(Object(App\Controllers\Penjualan))
 4 SYSTEMPATH\CodeIgniter.php(354): CodeIgniter\CodeIgniter->handleRequest(null, Object(Config\Cache), false)
 5 SYSTEMPATH\Boot.php(334): CodeIgniter\CodeIgniter->run()
 6 SYSTEMPATH\Boot.php(67): CodeIgniter\Boot::runCodeIgniter(Object(CodeIgniter\CodeIgniter))
 7 FCPATH\index.php(59): CodeIgniter\Boot::bootWeb(Object(Config\Paths))
 8 SYSTEMPATH\rewrite.php(44): require_once('G:\\My Drive\\showroom\\public\\index.php')
CRITICAL - 2025-06-25 07:10:16 --> ErrorException: Attempt to read property "id_mobil" on array
[Method: GET, Route: penjualan/tambah_penjualan/]
in APPPATH\Views\penjualan\tambah_penjualan.php on line 46.
 1 APPPATH\Views\penjualan\tambah_penjualan.php(46): CodeIgniter\Debug\Exceptions->errorHandler(2, 'Attempt to read property "id_mobil" on array', 'G:\\My Drive\\showroom\\app\\Views\\penjualan\\tambah_penjualan.php', 46)
 2 SYSTEMPATH\View\View.php(224): include('G:\\My Drive\\showroom\\app\\Views\\penjualan\\tambah_penjualan.php')
 3 SYSTEMPATH\View\View.php(227): CodeIgniter\View\View->CodeIgniter\View\{closure}()
 4 SYSTEMPATH\Common.php(1173): CodeIgniter\View\View->render('penjualan/tambah_penjualan', [], true)
 5 APPPATH\Controllers\Penjualan.php(37): view('penjualan/tambah_penjualan', [...])
 6 SYSTEMPATH\CodeIgniter.php(933): App\Controllers\Penjualan->tambah_penjualan()
 7 SYSTEMPATH\CodeIgniter.php(507): CodeIgniter\CodeIgniter->runController(Object(App\Controllers\Penjualan))
 8 SYSTEMPATH\CodeIgniter.php(354): CodeIgniter\CodeIgniter->handleRequest(null, Object(Config\Cache), false)
 9 SYSTEMPATH\Boot.php(334): CodeIgniter\CodeIgniter->run()
10 SYSTEMPATH\Boot.php(67): CodeIgniter\Boot::runCodeIgniter(Object(CodeIgniter\CodeIgniter))
11 FCPATH\index.php(59): CodeIgniter\Boot::bootWeb(Object(Config\Paths))
12 SYSTEMPATH\rewrite.php(44): require_once('G:\\My Drive\\showroom\\public\\index.php')
ERROR - 2025-06-25 07:14:22 --> Error connecting to the database: mysqli_sql_exception: Unknown database 'showroom' in H:\My Drive\showroom\system\Database\MySQLi\Connection.php:201
Stack trace:
#0 H:\My Drive\showroom\system\Database\MySQLi\Connection.php(201): mysqli->real_connect('localhost', 'root', Object(SensitiveParameterValue), 'showroom', 3306, '', 0)
#1 H:\My Drive\showroom\system\Database\BaseConnection.php(421): CodeIgniter\Database\MySQLi\Connection->connect(false)
#2 H:\My Drive\showroom\system\Database\BaseConnection.php(620): CodeIgniter\Database\BaseConnection->initialize()
#3 H:\My Drive\showroom\system\Database\BaseBuilder.php(1649): CodeIgniter\Database\BaseConnection->query('SELECT *\nFROM `...', Array, false)
#4 H:\My Drive\showroom\system\Model.php(286): CodeIgniter\Database\BaseBuilder->get()
#5 H:\My Drive\showroom\system\BaseModel.php(679): CodeIgniter\Model->doFindAll(0, 0)
#6 H:\My Drive\showroom\app\Controllers\Mobil.php(13): CodeIgniter\BaseModel->findAll()
#7 H:\My Drive\showroom\system\CodeIgniter.php(933): App\Controllers\Mobil->index()
#8 H:\My Drive\showroom\system\CodeIgniter.php(507): CodeIgniter\CodeIgniter->runController(Object(App\Controllers\Mobil))
#9 H:\My Drive\showroom\system\CodeIgniter.php(354): CodeIgniter\CodeIgniter->handleRequest(NULL, Object(Config\Cache), false)
#10 H:\My Drive\showroom\system\Boot.php(334): CodeIgniter\CodeIgniter->run()
#11 H:\My Drive\showroom\system\Boot.php(67): CodeIgniter\Boot::runCodeIgniter(Object(CodeIgniter\CodeIgniter))
#12 H:\My Drive\showroom\public\index.php(59): CodeIgniter\Boot::bootWeb(Object(Config\Paths))
#13 H:\My Drive\showroom\system\rewrite.php(44): require_once('H:\\My Drive\\sho...')
#14 {main}

Next CodeIgniter\Database\Exceptions\DatabaseException: Unknown database 'showroom' in H:\My Drive\showroom\system\Database\MySQLi\Connection.php:246
Stack trace:
#0 H:\My Drive\showroom\system\Database\BaseConnection.php(421): CodeIgniter\Database\MySQLi\Connection->connect(false)
#1 H:\My Drive\showroom\system\Database\BaseConnection.php(620): CodeIgniter\Database\BaseConnection->initialize()
#2 H:\My Drive\showroom\system\Database\BaseBuilder.php(1649): CodeIgniter\Database\BaseConnection->query('SELECT *\nFROM `...', Array, false)
#3 H:\My Drive\showroom\system\Model.php(286): CodeIgniter\Database\BaseBuilder->get()
#4 H:\My Drive\showroom\system\BaseModel.php(679): CodeIgniter\Model->doFindAll(0, 0)
#5 H:\My Drive\showroom\app\Controllers\Mobil.php(13): CodeIgniter\BaseModel->findAll()
#6 H:\My Drive\showroom\system\CodeIgniter.php(933): App\Controllers\Mobil->index()
#7 H:\My Drive\showroom\system\CodeIgniter.php(507): CodeIgniter\CodeIgniter->runController(Object(App\Controllers\Mobil))
#8 H:\My Drive\showroom\system\CodeIgniter.php(354): CodeIgniter\CodeIgniter->handleRequest(NULL, Object(Config\Cache), false)
#9 H:\My Drive\showroom\system\Boot.php(334): CodeIgniter\CodeIgniter->run()
#10 H:\My Drive\showroom\system\Boot.php(67): CodeIgniter\Boot::runCodeIgniter(Object(CodeIgniter\CodeIgniter))
#11 H:\My Drive\showroom\public\index.php(59): CodeIgniter\Boot::bootWeb(Object(Config\Paths))
#12 H:\My Drive\showroom\system\rewrite.php(44): require_once('H:\\My Drive\\sho...')
#13 {main}
CRITICAL - 2025-06-25 07:14:22 --> CodeIgniter\Database\Exceptions\DatabaseException: Unable to connect to the database.
Main connection [MySQLi]: Unknown database 'showroom'
[Method: GET, Route: mobil]
in SYSTEMPATH\Database\BaseConnection.php on line 467.
 1 SYSTEMPATH\Database\BaseConnection.php(620): CodeIgniter\Database\BaseConnection->initialize()
 2 SYSTEMPATH\Database\BaseBuilder.php(1649): CodeIgniter\Database\BaseConnection->query('SELECT *
FROM `mobil`', [], false)
 3 SYSTEMPATH\Model.php(286): CodeIgniter\Database\BaseBuilder->get()
 4 SYSTEMPATH\BaseModel.php(679): CodeIgniter\Model->doFindAll(0, 0)
 5 APPPATH\Controllers\Mobil.php(13): CodeIgniter\BaseModel->findAll()
 6 SYSTEMPATH\CodeIgniter.php(933): App\Controllers\Mobil->index()
 7 SYSTEMPATH\CodeIgniter.php(507): CodeIgniter\CodeIgniter->runController(Object(App\Controllers\Mobil))
 8 SYSTEMPATH\CodeIgniter.php(354): CodeIgniter\CodeIgniter->handleRequest(null, Object(Config\Cache), false)
 9 SYSTEMPATH\Boot.php(334): CodeIgniter\CodeIgniter->run()
10 SYSTEMPATH\Boot.php(67): CodeIgniter\Boot::runCodeIgniter(Object(CodeIgniter\CodeIgniter))
11 FCPATH\index.php(59): CodeIgniter\Boot::bootWeb(Object(Config\Paths))
12 SYSTEMPATH\rewrite.php(44): require_once('H:\\My Drive\\showroom\\public\\index.php')
CRITICAL - 2025-06-25 07:21:45 --> ErrorException: Undefined variable $a
[Method: GET, Route: pelanggan]
in APPPATH\Views\pelanggan\v_pelanggan.php on line 60.
 1 APPPATH\Views\pelanggan\v_pelanggan.php(60): CodeIgniter\Debug\Exceptions->errorHandler(2, 'Undefined variable $a', 'G:\\My Drive\\showroom\\app\\Views\\pelanggan\\v_pelanggan.php', 60)
 2 SYSTEMPATH\View\View.php(224): include('G:\\My Drive\\showroom\\app\\Views\\pelanggan\\v_pelanggan.php')
 3 SYSTEMPATH\View\View.php(227): CodeIgniter\View\View->CodeIgniter\View\{closure}()
 4 SYSTEMPATH\Common.php(1173): CodeIgniter\View\View->render('pelanggan/v_pelanggan', [], true)
 5 APPPATH\Controllers\Pelanggan.php(18): view('pelanggan/v_pelanggan', [...])
 6 SYSTEMPATH\CodeIgniter.php(933): App\Controllers\Pelanggan->index()
 7 SYSTEMPATH\CodeIgniter.php(507): CodeIgniter\CodeIgniter->runController(Object(App\Controllers\Pelanggan))
 8 SYSTEMPATH\CodeIgniter.php(354): CodeIgniter\CodeIgniter->handleRequest(null, Object(Config\Cache), false)
 9 SYSTEMPATH\Boot.php(334): CodeIgniter\CodeIgniter->run()
10 SYSTEMPATH\Boot.php(67): CodeIgniter\Boot::runCodeIgniter(Object(CodeIgniter\CodeIgniter))
11 FCPATH\index.php(59): CodeIgniter\Boot::bootWeb(Object(Config\Paths))
12 SYSTEMPATH\rewrite.php(44): require_once('G:\\My Drive\\showroom\\public\\index.php')
CRITICAL - 2025-06-25 07:53:11 --> ErrorException: Attempt to read property "id_pelanggan" on array
[Method: GET, Route: penjualan/tambah_penjualan/]
in APPPATH\Views\penjualan\tambah_penjualan.php on line 58.
 1 APPPATH\Views\penjualan\tambah_penjualan.php(58): CodeIgniter\Debug\Exceptions->errorHandler(2, 'Attempt to read property "id_pelanggan" on array', 'G:\\My Drive\\showroom\\app\\Views\\penjualan\\tambah_penjualan.php', 58)
 2 SYSTEMPATH\View\View.php(224): include('G:\\My Drive\\showroom\\app\\Views\\penjualan\\tambah_penjualan.php')
 3 SYSTEMPATH\View\View.php(227): CodeIgniter\View\View->CodeIgniter\View\{closure}()
 4 SYSTEMPATH\Common.php(1173): CodeIgniter\View\View->render('penjualan/tambah_penjualan', [], true)
 5 APPPATH\Controllers\Penjualan.php(37): view('penjualan/tambah_penjualan', [...])
 6 SYSTEMPATH\CodeIgniter.php(933): App\Controllers\Penjualan->tambah_penjualan()
 7 SYSTEMPATH\CodeIgniter.php(507): CodeIgniter\CodeIgniter->runController(Object(App\Controllers\Penjualan))
 8 SYSTEMPATH\CodeIgniter.php(354): CodeIgniter\CodeIgniter->handleRequest(null, Object(Config\Cache), false)
 9 SYSTEMPATH\Boot.php(334): CodeIgniter\CodeIgniter->run()
10 SYSTEMPATH\Boot.php(67): CodeIgniter\Boot::runCodeIgniter(Object(CodeIgniter\CodeIgniter))
11 FCPATH\index.php(59): CodeIgniter\Boot::bootWeb(Object(Config\Paths))
12 SYSTEMPATH\rewrite.php(44): require_once('G:\\My Drive\\showroom\\public\\index.php')
CRITICAL - 2025-06-25 08:03:31 --> ErrorException: Undefined property: stdClass::$nama_mobil
[Method: GET, Route: penjualan]
in APPPATH\Views\penjualan\v_penjualan.php on line 83.
 1 APPPATH\Views\penjualan\v_penjualan.php(83): CodeIgniter\Debug\Exceptions->errorHandler(2, 'Undefined property: stdClass::$nama_mobil', 'G:\\My Drive\\showroom\\app\\Views\\penjualan\\v_penjualan.php', 83)
 2 SYSTEMPATH\View\View.php(224): include('G:\\My Drive\\showroom\\app\\Views\\penjualan\\v_penjualan.php')
 3 SYSTEMPATH\View\View.php(227): CodeIgniter\View\View->CodeIgniter\View\{closure}()
 4 SYSTEMPATH\Common.php(1173): CodeIgniter\View\View->render('penjualan/v_penjualan', [], true)
 5 APPPATH\Controllers\Penjualan.php(20): view('penjualan/v_penjualan', [...])
 6 SYSTEMPATH\CodeIgniter.php(933): App\Controllers\Penjualan->index()
 7 SYSTEMPATH\CodeIgniter.php(507): CodeIgniter\CodeIgniter->runController(Object(App\Controllers\Penjualan))
 8 SYSTEMPATH\CodeIgniter.php(354): CodeIgniter\CodeIgniter->handleRequest(null, Object(Config\Cache), false)
 9 SYSTEMPATH\Boot.php(334): CodeIgniter\CodeIgniter->run()
10 SYSTEMPATH\Boot.php(67): CodeIgniter\Boot::runCodeIgniter(Object(CodeIgniter\CodeIgniter))
11 FCPATH\index.php(59): CodeIgniter\Boot::bootWeb(Object(Config\Paths))
12 SYSTEMPATH\rewrite.php(44): require_once('G:\\My Drive\\showroom\\public\\index.php')
CRITICAL - 2025-06-25 08:11:29 --> ErrorException: Undefined property: stdClass::$diskon
[Method: GET, Route: penjualan]
in APPPATH\Views\penjualan\v_penjualan.php on line 95.
 1 APPPATH\Views\penjualan\v_penjualan.php(95): CodeIgniter\Debug\Exceptions->errorHandler(2, 'Undefined property: stdClass::$diskon', 'G:\\My Drive\\showroom\\app\\Views\\penjualan\\v_penjualan.php', 95)
 2 SYSTEMPATH\View\View.php(224): include('G:\\My Drive\\showroom\\app\\Views\\penjualan\\v_penjualan.php')
 3 SYSTEMPATH\View\View.php(227): CodeIgniter\View\View->CodeIgniter\View\{closure}()
 4 SYSTEMPATH\Common.php(1173): CodeIgniter\View\View->render('penjualan/v_penjualan', [], true)
 5 APPPATH\Controllers\Penjualan.php(26): view('penjualan/v_penjualan', [...])
 6 SYSTEMPATH\CodeIgniter.php(933): App\Controllers\Penjualan->index()
 7 SYSTEMPATH\CodeIgniter.php(507): CodeIgniter\CodeIgniter->runController(Object(App\Controllers\Penjualan))
 8 SYSTEMPATH\CodeIgniter.php(354): CodeIgniter\CodeIgniter->handleRequest(null, Object(Config\Cache), false)
 9 SYSTEMPATH\Boot.php(334): CodeIgniter\CodeIgniter->run()
10 SYSTEMPATH\Boot.php(67): CodeIgniter\Boot::runCodeIgniter(Object(CodeIgniter\CodeIgniter))
11 FCPATH\index.php(59): CodeIgniter\Boot::bootWeb(Object(Config\Paths))
12 SYSTEMPATH\rewrite.php(44): require_once('G:\\My Drive\\showroom\\public\\index.php')
CRITICAL - 2025-06-25 08:11:52 --> ErrorException: Undefined variable $b
[Method: GET, Route: penjualan]
in APPPATH\Views\penjualan\v_penjualan.php on line 128.
 1 APPPATH\Views\penjualan\v_penjualan.php(128): CodeIgniter\Debug\Exceptions->errorHandler(2, 'Undefined variable $b', 'G:\\My Drive\\showroom\\app\\Views\\penjualan\\v_penjualan.php', 128)
 2 SYSTEMPATH\View\View.php(224): include('G:\\My Drive\\showroom\\app\\Views\\penjualan\\v_penjualan.php')
 3 SYSTEMPATH\View\View.php(227): CodeIgniter\View\View->CodeIgniter\View\{closure}()
 4 SYSTEMPATH\Common.php(1173): CodeIgniter\View\View->render('penjualan/v_penjualan', [], true)
 5 APPPATH\Controllers\Penjualan.php(26): view('penjualan/v_penjualan', [...])
 6 SYSTEMPATH\CodeIgniter.php(933): App\Controllers\Penjualan->index()
 7 SYSTEMPATH\CodeIgniter.php(507): CodeIgniter\CodeIgniter->runController(Object(App\Controllers\Penjualan))
 8 SYSTEMPATH\CodeIgniter.php(354): CodeIgniter\CodeIgniter->handleRequest(null, Object(Config\Cache), false)
 9 SYSTEMPATH\Boot.php(334): CodeIgniter\CodeIgniter->run()
10 SYSTEMPATH\Boot.php(67): CodeIgniter\Boot::runCodeIgniter(Object(CodeIgniter\CodeIgniter))
11 FCPATH\index.php(59): CodeIgniter\Boot::bootWeb(Object(Config\Paths))
12 SYSTEMPATH\rewrite.php(44): require_once('G:\\My Drive\\showroom\\public\\index.php')
CRITICAL - 2025-06-25 08:24:40 --> CodeIgniter\View\Exceptions\ViewException: Invalid file: "data/edit_penjualan.php"
[Method: GET, Route: penjualan/edit_penjualan/1]
in SYSTEMPATH\Exceptions\FrameworkException.php on line 39.
 1 SYSTEMPATH\View\View.php(212): CodeIgniter\Exceptions\FrameworkException::forInvalidFile('data/edit_penjualan.php')
 2 SYSTEMPATH\Common.php(1173): CodeIgniter\View\View->render('data/edit_penjualan', [], true)
 3 APPPATH\Controllers\Penjualan.php(96): view('data/edit_penjualan', [...])
 4 SYSTEMPATH\CodeIgniter.php(933): App\Controllers\Penjualan->edit_penjualan('1')
 5 SYSTEMPATH\CodeIgniter.php(507): CodeIgniter\CodeIgniter->runController(Object(App\Controllers\Penjualan))
 6 SYSTEMPATH\CodeIgniter.php(354): CodeIgniter\CodeIgniter->handleRequest(null, Object(Config\Cache), false)
 7 SYSTEMPATH\Boot.php(334): CodeIgniter\CodeIgniter->run()
 8 SYSTEMPATH\Boot.php(67): CodeIgniter\Boot::runCodeIgniter(Object(CodeIgniter\CodeIgniter))
 9 FCPATH\index.php(59): CodeIgniter\Boot::bootWeb(Object(Config\Paths))
10 SYSTEMPATH\rewrite.php(44): require_once('G:\\My Drive\\showroom\\public\\index.php')
CRITICAL - 2025-06-25 08:24:54 --> ErrorException: Undefined variable $mobil
[Method: GET, Route: penjualan/edit_penjualan/1]
in APPPATH\Views\penjualan\edit_penjualan.php on line 44.
 1 APPPATH\Views\penjualan\edit_penjualan.php(44): CodeIgniter\Debug\Exceptions->errorHandler(2, 'Undefined variable $mobil', 'G:\\My Drive\\showroom\\app\\Views\\penjualan\\edit_penjualan.php', 44)
 2 SYSTEMPATH\View\View.php(224): include('G:\\My Drive\\showroom\\app\\Views\\penjualan\\edit_penjualan.php')
 3 SYSTEMPATH\View\View.php(227): CodeIgniter\View\View->CodeIgniter\View\{closure}()
 4 SYSTEMPATH\Common.php(1173): CodeIgniter\View\View->render('penjualan/edit_penjualan', [], true)
 5 APPPATH\Controllers\Penjualan.php(96): view('penjualan/edit_penjualan', [...])
 6 SYSTEMPATH\CodeIgniter.php(933): App\Controllers\Penjualan->edit_penjualan('1')
 7 SYSTEMPATH\CodeIgniter.php(507): CodeIgniter\CodeIgniter->runController(Object(App\Controllers\Penjualan))
 8 SYSTEMPATH\CodeIgniter.php(354): CodeIgniter\CodeIgniter->handleRequest(null, Object(Config\Cache), false)
 9 SYSTEMPATH\Boot.php(334): CodeIgniter\CodeIgniter->run()
10 SYSTEMPATH\Boot.php(67): CodeIgniter\Boot::runCodeIgniter(Object(CodeIgniter\CodeIgniter))
11 FCPATH\index.php(59): CodeIgniter\Boot::bootWeb(Object(Config\Paths))
12 SYSTEMPATH\rewrite.php(44): require_once('G:\\My Drive\\showroom\\public\\index.php')
CRITICAL - 2025-06-25 08:25:47 --> ErrorException: Undefined variable $mobil
[Method: GET, Route: penjualan/edit_penjualan/1]
in APPPATH\Controllers\Penjualan.php on line 92.
 1 APPPATH\Controllers\Penjualan.php(92): CodeIgniter\Debug\Exceptions->errorHandler(2, 'Undefined variable $mobil', 'G:\\My Drive\\showroom\\app\\Controllers\\Penjualan.php', 92)
 2 SYSTEMPATH\CodeIgniter.php(933): App\Controllers\Penjualan->edit_penjualan('1')
 3 SYSTEMPATH\CodeIgniter.php(507): CodeIgniter\CodeIgniter->runController(Object(App\Controllers\Penjualan))
 4 SYSTEMPATH\CodeIgniter.php(354): CodeIgniter\CodeIgniter->handleRequest(null, Object(Config\Cache), false)
 5 SYSTEMPATH\Boot.php(334): CodeIgniter\CodeIgniter->run()
 6 SYSTEMPATH\Boot.php(67): CodeIgniter\Boot::runCodeIgniter(Object(CodeIgniter\CodeIgniter))
 7 FCPATH\index.php(59): CodeIgniter\Boot::bootWeb(Object(Config\Paths))
 8 SYSTEMPATH\rewrite.php(44): require_once('G:\\My Drive\\showroom\\public\\index.php')
ERROR - 2025-06-25 08:44:24 --> mysqli_sql_exception: Unknown column 'status_delete' in 'where clause' in G:\My Drive\showroom\system\Database\MySQLi\Connection.php:327
Stack trace:
#0 G:\My Drive\showroom\system\Database\MySQLi\Connection.php(327): mysqli->query('SELECT *\nFROM `...', 0)
#1 G:\My Drive\showroom\system\Database\BaseConnection.php(738): CodeIgniter\Database\MySQLi\Connection->execute('SELECT *\nFROM `...')
#2 G:\My Drive\showroom\system\Database\BaseConnection.php(652): CodeIgniter\Database\BaseConnection->simpleQuery('SELECT *\nFROM `...')
#3 G:\My Drive\showroom\system\Database\BaseBuilder.php(1649): CodeIgniter\Database\BaseConnection->query('SELECT *\nFROM `...', Array, false)
#4 G:\My Drive\showroom\app\Models\M_penjualan.php(33): CodeIgniter\Database\BaseBuilder->get()
#5 G:\My Drive\showroom\app\Controllers\Penjualan.php(165): App\Models\M_penjualan->getDeletedpenjualan()
#6 G:\My Drive\showroom\system\CodeIgniter.php(933): App\Controllers\Penjualan->dihapus_penjualan()
#7 G:\My Drive\showroom\system\CodeIgniter.php(507): CodeIgniter\CodeIgniter->runController(Object(App\Controllers\Penjualan))
#8 G:\My Drive\showroom\system\CodeIgniter.php(354): CodeIgniter\CodeIgniter->handleRequest(NULL, Object(Config\Cache), false)
#9 G:\My Drive\showroom\system\Boot.php(334): CodeIgniter\CodeIgniter->run()
#10 G:\My Drive\showroom\system\Boot.php(67): CodeIgniter\Boot::runCodeIgniter(Object(CodeIgniter\CodeIgniter))
#11 G:\My Drive\showroom\public\index.php(59): CodeIgniter\Boot::bootWeb(Object(Config\Paths))
#12 G:\My Drive\showroom\system\rewrite.php(44): require_once('G:\\My Drive\\sho...')
#13 {main}
CRITICAL - 2025-06-25 08:44:24 --> CodeIgniter\Database\Exceptions\DatabaseException: Unknown column 'status_delete' in 'where clause'
[Method: GET, Route: penjualan/dihapus_penjualan]
in SYSTEMPATH\Database\BaseConnection.php on line 692.
 1 SYSTEMPATH\Database\BaseBuilder.php(1649): CodeIgniter\Database\BaseConnection->query('SELECT *
FROM `penjualan`
WHERE `status_delete` = :status_delete:', [...], false)
 2 APPPATH\Models\M_penjualan.php(33): CodeIgniter\Database\BaseBuilder->get()
 3 APPPATH\Controllers\Penjualan.php(165): App\Models\M_penjualan->getDeletedpenjualan()
 4 SYSTEMPATH\CodeIgniter.php(933): App\Controllers\Penjualan->dihapus_penjualan()
 5 SYSTEMPATH\CodeIgniter.php(507): CodeIgniter\CodeIgniter->runController(Object(App\Controllers\Penjualan))
 6 SYSTEMPATH\CodeIgniter.php(354): CodeIgniter\CodeIgniter->handleRequest(null, Object(Config\Cache), false)
 7 SYSTEMPATH\Boot.php(334): CodeIgniter\CodeIgniter->run()
 8 SYSTEMPATH\Boot.php(67): CodeIgniter\Boot::runCodeIgniter(Object(CodeIgniter\CodeIgniter))
 9 FCPATH\index.php(59): CodeIgniter\Boot::bootWeb(Object(Config\Paths))
10 SYSTEMPATH\rewrite.php(44): require_once('G:\\My Drive\\showroom\\public\\index.php')
CRITICAL - 2025-06-25 08:44:24 --> [Caused by] CodeIgniter\Database\Exceptions\DatabaseException: Unknown column 'status_delete' in 'where clause'
in SYSTEMPATH\Database\MySQLi\Connection.php on line 332.
 1 SYSTEMPATH\Database\BaseConnection.php(738): CodeIgniter\Database\MySQLi\Connection->execute('SELECT *
FROM `penjualan`
WHERE `status_delete` = 1')
 2 SYSTEMPATH\Database\BaseConnection.php(652): CodeIgniter\Database\BaseConnection->simpleQuery('SELECT *
FROM `penjualan`
WHERE `status_delete` = 1')
 3 SYSTEMPATH\Database\BaseBuilder.php(1649): CodeIgniter\Database\BaseConnection->query('SELECT *
FROM `penjualan`
WHERE `status_delete` = :status_delete:', [...], false)
 4 APPPATH\Models\M_penjualan.php(33): CodeIgniter\Database\BaseBuilder->get()
 5 APPPATH\Controllers\Penjualan.php(165): App\Models\M_penjualan->getDeletedpenjualan()
 6 SYSTEMPATH\CodeIgniter.php(933): App\Controllers\Penjualan->dihapus_penjualan()
 7 SYSTEMPATH\CodeIgniter.php(507): CodeIgniter\CodeIgniter->runController(Object(App\Controllers\Penjualan))
 8 SYSTEMPATH\CodeIgniter.php(354): CodeIgniter\CodeIgniter->handleRequest(null, Object(Config\Cache), false)
 9 SYSTEMPATH\Boot.php(334): CodeIgniter\CodeIgniter->run()
10 SYSTEMPATH\Boot.php(67): CodeIgniter\Boot::runCodeIgniter(Object(CodeIgniter\CodeIgniter))
11 FCPATH\index.php(59): CodeIgniter\Boot::bootWeb(Object(Config\Paths))
12 SYSTEMPATH\rewrite.php(44): require_once('G:\\My Drive\\showroom\\public\\index.php')
CRITICAL - 2025-06-25 08:44:24 --> [Caused by] mysqli_sql_exception: Unknown column 'status_delete' in 'where clause'
in SYSTEMPATH\Database\MySQLi\Connection.php on line 327.
 1 SYSTEMPATH\Database\MySQLi\Connection.php(327): mysqli->query('SELECT *
FROM `penjualan`
WHERE `status_delete` = 1', 0)
 2 SYSTEMPATH\Database\BaseConnection.php(738): CodeIgniter\Database\MySQLi\Connection->execute('SELECT *
FROM `penjualan`
WHERE `status_delete` = 1')
 3 SYSTEMPATH\Database\BaseConnection.php(652): CodeIgniter\Database\BaseConnection->simpleQuery('SELECT *
FROM `penjualan`
WHERE `status_delete` = 1')
 4 SYSTEMPATH\Database\BaseBuilder.php(1649): CodeIgniter\Database\BaseConnection->query('SELECT *
FROM `penjualan`
WHERE `status_delete` = :status_delete:', [...], false)
 5 APPPATH\Models\M_penjualan.php(33): CodeIgniter\Database\BaseBuilder->get()
 6 APPPATH\Controllers\Penjualan.php(165): App\Models\M_penjualan->getDeletedpenjualan()
 7 SYSTEMPATH\CodeIgniter.php(933): App\Controllers\Penjualan->dihapus_penjualan()
 8 SYSTEMPATH\CodeIgniter.php(507): CodeIgniter\CodeIgniter->runController(Object(App\Controllers\Penjualan))
 9 SYSTEMPATH\CodeIgniter.php(354): CodeIgniter\CodeIgniter->handleRequest(null, Object(Config\Cache), false)
10 SYSTEMPATH\Boot.php(334): CodeIgniter\CodeIgniter->run()
11 SYSTEMPATH\Boot.php(67): CodeIgniter\Boot::runCodeIgniter(Object(CodeIgniter\CodeIgniter))
12 FCPATH\index.php(59): CodeIgniter\Boot::bootWeb(Object(Config\Paths))
13 SYSTEMPATH\rewrite.php(44): require_once('G:\\My Drive\\showroom\\public\\index.php')
CRITICAL - 2025-06-25 08:45:42 --> ErrorException: Undefined variable $p
[Method: GET, Route: penjualan/dihapus_penjualan]
in APPPATH\Views\penjualan\deleted_penjualan.php on line 43.
 1 APPPATH\Views\penjualan\deleted_penjualan.php(43): CodeIgniter\Debug\Exceptions->errorHandler(2, 'Undefined variable $p', 'G:\\My Drive\\showroom\\app\\Views\\penjualan\\deleted_penjualan.php', 43)
 2 SYSTEMPATH\View\View.php(224): include('G:\\My Drive\\showroom\\app\\Views\\penjualan\\deleted_penjualan.php')
 3 SYSTEMPATH\View\View.php(227): CodeIgniter\View\View->CodeIgniter\View\{closure}()
 4 SYSTEMPATH\Common.php(1173): CodeIgniter\View\View->render('penjualan/deleted_penjualan', [], true)
 5 APPPATH\Controllers\Penjualan.php(171): view('penjualan/deleted_penjualan', [...])
 6 SYSTEMPATH\CodeIgniter.php(933): App\Controllers\Penjualan->dihapus_penjualan()
 7 SYSTEMPATH\CodeIgniter.php(507): CodeIgniter\CodeIgniter->runController(Object(App\Controllers\Penjualan))
 8 SYSTEMPATH\CodeIgniter.php(354): CodeIgniter\CodeIgniter->handleRequest(null, Object(Config\Cache), false)
 9 SYSTEMPATH\Boot.php(334): CodeIgniter\CodeIgniter->run()
10 SYSTEMPATH\Boot.php(67): CodeIgniter\Boot::runCodeIgniter(Object(CodeIgniter\CodeIgniter))
11 FCPATH\index.php(59): CodeIgniter\Boot::bootWeb(Object(Config\Paths))
12 SYSTEMPATH\rewrite.php(44): require_once('G:\\My Drive\\showroom\\public\\index.php')
CRITICAL - 2025-06-25 08:46:13 --> ErrorException: Undefined property: stdClass::$nama_mobil
[Method: GET, Route: penjualan/dihapus_penjualan]
in APPPATH\Views\penjualan\deleted_penjualan.php on line 55.
 1 APPPATH\Views\penjualan\deleted_penjualan.php(55): CodeIgniter\Debug\Exceptions->errorHandler(2, 'Undefined property: stdClass::$nama_mobil', 'G:\\My Drive\\showroom\\app\\Views\\penjualan\\deleted_penjualan.php', 55)
 2 SYSTEMPATH\View\View.php(224): include('G:\\My Drive\\showroom\\app\\Views\\penjualan\\deleted_penjualan.php')
 3 SYSTEMPATH\View\View.php(227): CodeIgniter\View\View->CodeIgniter\View\{closure}()
 4 SYSTEMPATH\Common.php(1173): CodeIgniter\View\View->render('penjualan/deleted_penjualan', [], true)
 5 APPPATH\Controllers\Penjualan.php(171): view('penjualan/deleted_penjualan', [...])
 6 SYSTEMPATH\CodeIgniter.php(933): App\Controllers\Penjualan->dihapus_penjualan()
 7 SYSTEMPATH\CodeIgniter.php(507): CodeIgniter\CodeIgniter->runController(Object(App\Controllers\Penjualan))
 8 SYSTEMPATH\CodeIgniter.php(354): CodeIgniter\CodeIgniter->handleRequest(null, Object(Config\Cache), false)
 9 SYSTEMPATH\Boot.php(334): CodeIgniter\CodeIgniter->run()
10 SYSTEMPATH\Boot.php(67): CodeIgniter\Boot::runCodeIgniter(Object(CodeIgniter\CodeIgniter))
11 FCPATH\index.php(59): CodeIgniter\Boot::bootWeb(Object(Config\Paths))
12 SYSTEMPATH\rewrite.php(44): require_once('G:\\My Drive\\showroom\\public\\index.php')
CRITICAL - 2025-06-25 09:03:52 --> ErrorException: Undefined variable $logModel
[Method: GET, Route: mobil/detail_mobil/3]
in APPPATH\Controllers\Mobil.php on line 208.
 1 APPPATH\Controllers\Mobil.php(208): CodeIgniter\Debug\Exceptions->errorHandler(2, 'Undefined variable $logModel', 'G:\\My Drive\\showroom\\app\\Controllers\\Mobil.php', 208)
 2 SYSTEMPATH\CodeIgniter.php(933): App\Controllers\Mobil->detail_mobil('3')
 3 SYSTEMPATH\CodeIgniter.php(507): CodeIgniter\CodeIgniter->runController(Object(App\Controllers\Mobil))
 4 SYSTEMPATH\CodeIgniter.php(354): CodeIgniter\CodeIgniter->handleRequest(null, Object(Config\Cache), false)
 5 SYSTEMPATH\Boot.php(334): CodeIgniter\CodeIgniter->run()
 6 SYSTEMPATH\Boot.php(67): CodeIgniter\Boot::runCodeIgniter(Object(CodeIgniter\CodeIgniter))
 7 FCPATH\index.php(59): CodeIgniter\Boot::bootWeb(Object(Config\Paths))
 8 SYSTEMPATH\rewrite.php(44): require_once('G:\\My Drive\\showroom\\public\\index.php')
CRITICAL - 2025-06-25 09:04:14 --> ErrorException: Attempt to read property "nama_mobil" on array
[Method: GET, Route: mobil/detail_mobil/3]
in APPPATH\Views\data\detail_mobil.php on line 22.
 1 APPPATH\Views\data\detail_mobil.php(22): CodeIgniter\Debug\Exceptions->errorHandler(2, 'Attempt to read property "nama_mobil" on array', 'G:\\My Drive\\showroom\\app\\Views\\data\\detail_mobil.php', 22)
 2 SYSTEMPATH\View\View.php(224): include('G:\\My Drive\\showroom\\app\\Views\\data\\detail_mobil.php')
 3 SYSTEMPATH\View\View.php(227): CodeIgniter\View\View->CodeIgniter\View\{closure}()
 4 SYSTEMPATH\Common.php(1173): CodeIgniter\View\View->render('data/detail_mobil', [], true)
 5 APPPATH\Controllers\Mobil.php(217): view('data/detail_mobil', [...])
 6 SYSTEMPATH\CodeIgniter.php(933): App\Controllers\Mobil->detail_mobil('3')
 7 SYSTEMPATH\CodeIgniter.php(507): CodeIgniter\CodeIgniter->runController(Object(App\Controllers\Mobil))
 8 SYSTEMPATH\CodeIgniter.php(354): CodeIgniter\CodeIgniter->handleRequest(null, Object(Config\Cache), false)
 9 SYSTEMPATH\Boot.php(334): CodeIgniter\CodeIgniter->run()
10 SYSTEMPATH\Boot.php(67): CodeIgniter\Boot::runCodeIgniter(Object(CodeIgniter\CodeIgniter))
11 FCPATH\index.php(59): CodeIgniter\Boot::bootWeb(Object(Config\Paths))
12 SYSTEMPATH\rewrite.php(44): require_once('G:\\My Drive\\showroom\\public\\index.php')
CRITICAL - 2025-06-25 09:23:31 --> ErrorException: Undefined variable $b
[Method: GET, Route: penjualan]
in APPPATH\Views\penjualan\v_penjualan.php on line 129.
 1 APPPATH\Views\penjualan\v_penjualan.php(129): CodeIgniter\Debug\Exceptions->errorHandler(2, 'Undefined variable $b', 'G:\\My Drive\\showroom\\app\\Views\\penjualan\\v_penjualan.php', 129)
 2 SYSTEMPATH\View\View.php(224): include('G:\\My Drive\\showroom\\app\\Views\\penjualan\\v_penjualan.php')
 3 SYSTEMPATH\View\View.php(227): CodeIgniter\View\View->CodeIgniter\View\{closure}()
 4 SYSTEMPATH\Common.php(1173): CodeIgniter\View\View->render('penjualan/v_penjualan', [], true)
 5 APPPATH\Controllers\Penjualan.php(27): view('penjualan/v_penjualan', [...])
 6 SYSTEMPATH\CodeIgniter.php(933): App\Controllers\Penjualan->index()
 7 SYSTEMPATH\CodeIgniter.php(507): CodeIgniter\CodeIgniter->runController(Object(App\Controllers\Penjualan))
 8 SYSTEMPATH\CodeIgniter.php(354): CodeIgniter\CodeIgniter->handleRequest(null, Object(Config\Cache), false)
 9 SYSTEMPATH\Boot.php(334): CodeIgniter\CodeIgniter->run()
10 SYSTEMPATH\Boot.php(67): CodeIgniter\Boot::runCodeIgniter(Object(CodeIgniter\CodeIgniter))
11 FCPATH\index.php(59): CodeIgniter\Boot::bootWeb(Object(Config\Paths))
12 SYSTEMPATH\rewrite.php(44): require_once('G:\\My Drive\\showroom\\public\\index.php')
CRITICAL - 2025-06-25 09:24:04 --> CodeIgniter\View\Exceptions\ViewException: Invalid file: "data/detail_penjualan.php"
[Method: GET, Route: penjualan/detail_penjualan/1]
in SYSTEMPATH\Exceptions\FrameworkException.php on line 39.
 1 SYSTEMPATH\View\View.php(212): CodeIgniter\Exceptions\FrameworkException::forInvalidFile('data/detail_penjualan.php')
 2 SYSTEMPATH\Common.php(1173): CodeIgniter\View\View->render('data/detail_penjualan', [], true)
 3 APPPATH\Controllers\Penjualan.php(229): view('data/detail_penjualan', [...])
 4 SYSTEMPATH\CodeIgniter.php(933): App\Controllers\Penjualan->detail_penjualan('1')
 5 SYSTEMPATH\CodeIgniter.php(507): CodeIgniter\CodeIgniter->runController(Object(App\Controllers\Penjualan))
 6 SYSTEMPATH\CodeIgniter.php(354): CodeIgniter\CodeIgniter->handleRequest(null, Object(Config\Cache), false)
 7 SYSTEMPATH\Boot.php(334): CodeIgniter\CodeIgniter->run()
 8 SYSTEMPATH\Boot.php(67): CodeIgniter\Boot::runCodeIgniter(Object(CodeIgniter\CodeIgniter))
 9 FCPATH\index.php(59): CodeIgniter\Boot::bootWeb(Object(Config\Paths))
10 SYSTEMPATH\rewrite.php(44): require_once('G:\\My Drive\\showroom\\public\\index.php')
